2025-10-29 13:53:23,986 - INFO - [TASK_IMPORTER] 初始化完成
2025-10-29 13:53:23,986 - INFO - [TASK_IMPORTER] 数据目录: C:\Donghua\ai_assistant_tool\backend\data
2025-10-29 13:53:23,986 - INFO - [TASK_IMPORTER] 初始数据目录: C:\Donghua\ai_assistant_tool\backend\data\initial_data
2025-10-29 13:53:23,986 - INFO - [TASK_IMPORTER] 图片目录: C:\Donghua\ai_assistant_tool\backend\data\images
2025-10-29 13:53:23,986 - INFO - ============================================================
2025-10-29 13:53:23,986 - INFO - AI 助手任务数据导入工具
2025-10-29 13:53:23,986 - INFO - ============================================================
2025-10-29 13:53:23,988 - INFO - 检查 PostgreSQL 连接...
2025-10-29 13:53:24,004 - INFO - ✓ PostgreSQL 连接成功
2025-10-29 13:53:24,004 - INFO - 初始化 PostgreSQL 数据库...
2025-10-29 13:53:24,004 - INFO - [SQL_REPO] 正在初始化数据库: postgresql://postgres:password@localhost:5432/ai_assistant
2025-10-29 13:53:24,061 - INFO - [SQL_REPO] ✓ 数据库初始化成功
2025-10-29 13:53:24,061 - INFO - 开始任务数据导入...
2025-10-29 13:53:24,061 - INFO - 开始导入任务数据...
2025-10-29 13:53:24,062 - INFO - 找到 101 个任务文件
2025-10-29 13:53:24,062 - INFO - 正在导入: task_2d_graph_display.json
2025-10-29 13:53:24,069 - INFO - [SQL_REPO] 更新任务: task_2d_graph_display
2025-10-29 13:53:24,084 - INFO - [SQL_REPO] 插入 3 个任务步骤
2025-10-29 13:53:24,084 - INFO - ✓ 任务 task_2d_graph_display 导入成功
2025-10-29 13:53:24,084 - INFO - 正在导入: task_acoustic_array_settings.json
2025-10-29 13:53:24,086 - INFO - [SQL_REPO] 更新任务: task_acoustic_array_settings
2025-10-29 13:53:24,091 - INFO - [SQL_REPO] 插入 4 个任务步骤
2025-10-29 13:53:24,091 - INFO - ✓ 任务 task_acoustic_array_settings 导入成功
2025-10-29 13:53:24,092 - INFO - 正在导入: task_acoustic_power_setup.json
2025-10-29 13:53:24,095 - INFO - [SQL_REPO] 更新任务: task_acoustic_power_setup
2025-10-29 13:53:24,105 - INFO - [SQL_REPO] 插入 4 个任务步骤
2025-10-29 13:53:24,105 - INFO - ✓ 任务 task_acoustic_power_setup 导入成功
2025-10-29 13:53:24,105 - INFO - 正在导入: task_acoustic_sound_pressure_setup.json
2025-10-29 13:53:24,107 - INFO - [SQL_REPO] 更新任务: task_acoustic_sound_pressure_setup
2025-10-29 13:53:24,116 - INFO - [SQL_REPO] 插入 6 个任务步骤
2025-10-29 13:53:24,116 - INFO - ✓ 任务 task_acoustic_sound_pressure_setup 导入成功
2025-10-29 13:53:24,117 - INFO - 正在导入: task_activate_test.json
2025-10-29 13:53:24,119 - INFO - [SQL_REPO] 更新任务: task_activate_test
2025-10-29 13:53:24,124 - INFO - [SQL_REPO] 插入 4 个任务步骤
2025-10-29 13:53:24,124 - INFO - ✓ 任务 task_activate_test 导入成功
2025-10-29 13:53:24,124 - INFO - 正在导入: task_add_cable_force_information.json
2025-10-29 13:53:24,127 - INFO - [SQL_REPO] 更新任务: task_add_cable_force_information
2025-10-29 13:53:24,133 - INFO - [SQL_REPO] 插入 4 个任务步骤
2025-10-29 13:53:24,134 - INFO - ✓ 任务 task_add_cable_force_information 导入成功
2025-10-29 13:53:24,134 - INFO - 正在导入: task_add_line.json
2025-10-29 13:53:24,138 - INFO - [SQL_REPO] 更新任务: task_add_line
2025-10-29 13:53:24,151 - INFO - [SQL_REPO] 插入 5 个任务步骤
2025-10-29 13:53:24,152 - INFO - ✓ 任务 task_add_line 导入成功
2025-10-29 13:53:24,152 - INFO - 正在导入: task_add_plane.json
2025-10-29 13:53:24,156 - INFO - [SQL_REPO] 更新任务: task_add_plane
2025-10-29 13:53:24,168 - INFO - [SQL_REPO] 插入 5 个任务步骤
2025-10-29 13:53:24,168 - INFO - ✓ 任务 task_add_plane 导入成功
2025-10-29 13:53:24,169 - INFO - 正在导入: task_add_point.json
2025-10-29 13:53:24,171 - INFO - [SQL_REPO] 更新任务: task_add_point
2025-10-29 13:53:24,177 - INFO - [SQL_REPO] 插入 5 个任务步骤
2025-10-29 13:53:24,178 - INFO - ✓ 任务 task_add_point 导入成功
2025-10-29 13:53:24,178 - INFO - 正在导入: task_add_substructure.json
2025-10-29 13:53:24,181 - INFO - [SQL_REPO] 更新任务: task_add_substructure
2025-10-29 13:53:24,193 - INFO - [SQL_REPO] 插入 4 个任务步骤
2025-10-29 13:53:24,193 - INFO - ✓ 任务 task_add_substructure 导入成功
2025-10-29 13:53:24,194 - INFO - 正在导入: task_analysis_report.json
2025-10-29 13:53:24,197 - INFO - [SQL_REPO] 更新任务: task_analysis_report
2025-10-29 13:53:24,211 - INFO - [SQL_REPO] 插入 4 个任务步骤
2025-10-29 13:53:24,211 - INFO - ✓ 任务 task_analysis_report 导入成功
2025-10-29 13:53:24,212 - INFO - 正在导入: task_automatic_modeling.json
2025-10-29 13:53:24,216 - INFO - [SQL_REPO] 更新任务: task_automatic_modeling
2025-10-29 13:53:24,223 - INFO - [SQL_REPO] 插入 4 个任务步骤
2025-10-29 13:53:24,224 - INFO - ✓ 任务 task_automatic_modeling 导入成功
2025-10-29 13:53:24,224 - INFO - 正在导入: task_auto_generate_point_number.json
2025-10-29 13:53:24,227 - INFO - [SQL_REPO] 更新任务: task_auto_generate_point_number
2025-10-29 13:53:24,235 - INFO - [SQL_REPO] 插入 4 个任务步骤
2025-10-29 13:53:24,235 - INFO - ✓ 任务 task_auto_generate_point_number 导入成功
2025-10-29 13:53:24,235 - INFO - 正在导入: task_change_animation_amplitude.json
2025-10-29 13:53:24,242 - INFO - [SQL_REPO] 更新任务: task_change_animation_amplitude
2025-10-29 13:53:24,251 - INFO - [SQL_REPO] 插入 3 个任务步骤
2025-10-29 13:53:24,252 - INFO - ✓ 任务 task_change_animation_amplitude 导入成功
2025-10-29 13:53:24,252 - INFO - 正在导入: task_change_animation_speed.json
2025-10-29 13:53:24,257 - INFO - [SQL_REPO] 更新任务: task_change_animation_speed
2025-10-29 13:53:24,265 - INFO - [SQL_REPO] 插入 3 个任务步骤
2025-10-29 13:53:24,265 - INFO - ✓ 任务 task_change_animation_speed 导入成功
2025-10-29 13:53:24,266 - INFO - 正在导入: task_channel_characteristics_settings.json
2025-10-29 13:53:24,268 - INFO - [SQL_REPO] 更新任务: task_set_channel_characteristics
2025-10-29 13:53:24,275 - INFO - [SQL_REPO] 插入 5 个任务步骤
2025-10-29 13:53:24,276 - INFO - ✓ 任务 task_set_channel_characteristics 导入成功
2025-10-29 13:53:24,276 - INFO - 正在导入: task_channel_grouping.json
2025-10-29 13:53:24,278 - INFO - [SQL_REPO] 更新任务: task_channel_grouping
2025-10-29 13:53:24,290 - INFO - [SQL_REPO] 插入 5 个任务步骤
2025-10-29 13:53:24,291 - INFO - ✓ 任务 task_channel_grouping 导入成功
2025-10-29 13:53:24,291 - INFO - 正在导入: task_channel_table_switch.json
2025-10-29 13:53:24,297 - INFO - [SQL_REPO] 更新任务: task_channel_table_switch
2025-10-29 13:53:24,311 - INFO - [SQL_REPO] 插入 4 个任务步骤
2025-10-29 13:53:24,312 - INFO - ✓ 任务 task_channel_table_switch 导入成功
2025-10-29 13:53:24,312 - INFO - 正在导入: task_clear_point_number.json
2025-10-29 13:53:24,314 - INFO - [SQL_REPO] 更新任务: task_clear_point_number
2025-10-29 13:53:24,321 - INFO - [SQL_REPO] 插入 4 个任务步骤
2025-10-29 13:53:24,322 - INFO - ✓ 任务 task_clear_point_number 导入成功
2025-10-29 13:53:24,322 - INFO - 正在导入: task_copy_measurement_channel.json
2025-10-29 13:53:24,324 - INFO - [SQL_REPO] 更新任务: task_copy_measurement_channel
2025-10-29 13:53:24,331 - INFO - [SQL_REPO] 插入 5 个任务步骤
2025-10-29 13:53:24,331 - INFO - ✓ 任务 task_copy_measurement_channel 导入成功
2025-10-29 13:53:24,331 - INFO - 正在导入: task_copy_measurement_parameter.json
2025-10-29 13:53:24,338 - INFO - [SQL_REPO] 更新任务: task_copy_measurement_parameter
2025-10-29 13:53:24,351 - INFO - [SQL_REPO] 插入 4 个任务步骤
2025-10-29 13:53:24,351 - INFO - ✓ 任务 task_copy_measurement_parameter 导入成功
2025-10-29 13:53:24,351 - INFO - 正在导入: task_copy_object.json
2025-10-29 13:53:24,358 - INFO - [SQL_REPO] 更新任务: task_mirror_object
2025-10-29 13:53:24,368 - INFO - [SQL_REPO] 插入 5 个任务步骤
2025-10-29 13:53:24,369 - INFO - ✓ 任务 task_mirror_object 导入成功
2025-10-29 13:53:24,369 - INFO - 正在导入: task_cut_measurement_parameter.json
2025-10-29 13:53:24,371 - INFO - [SQL_REPO] 更新任务: task_cut_measurement_parameter
2025-10-29 13:53:24,382 - INFO - [SQL_REPO] 插入 4 个任务步骤
2025-10-29 13:53:24,383 - INFO - ✓ 任务 task_cut_measurement_parameter 导入成功
2025-10-29 13:53:24,383 - INFO - 正在导入: task_data_output.json
2025-10-29 13:53:24,388 - INFO - [SQL_REPO] 更新任务: task_data_output
2025-10-29 13:53:24,400 - INFO - [SQL_REPO] 插入 4 个任务步骤
2025-10-29 13:53:24,401 - INFO - ✓ 任务 task_data_output 导入成功
2025-10-29 13:53:24,401 - INFO - 正在导入: task_data_replay.json
2025-10-29 13:53:24,406 - INFO - [SQL_REPO] 更新任务: task_data_replay
2025-10-29 13:53:24,416 - INFO - [SQL_REPO] 插入 4 个任务步骤
2025-10-29 13:53:24,416 - INFO - ✓ 任务 task_data_replay 导入成功
2025-10-29 13:53:24,417 - INFO - 正在导入: task_delete_cable_force_analysis.json
2025-10-29 13:53:24,419 - INFO - [SQL_REPO] 更新任务: task_delete_cable_force_analysis
2025-10-29 13:53:24,425 - INFO - [SQL_REPO] 插入 4 个任务步骤
2025-10-29 13:53:24,425 - INFO - ✓ 任务 task_delete_cable_force_analysis 导入成功
2025-10-29 13:53:24,425 - INFO - 正在导入: task_delete_cable_force_information.json
2025-10-29 13:53:24,427 - INFO - [SQL_REPO] 更新任务: task_delete_cable_force_information
2025-10-29 13:53:24,435 - INFO - [SQL_REPO] 插入 5 个任务步骤
2025-10-29 13:53:24,436 - INFO - ✓ 任务 task_delete_cable_force_information 导入成功
2025-10-29 13:53:24,436 - INFO - 正在导入: task_delete_line.json
2025-10-29 13:53:24,443 - INFO - [SQL_REPO] 更新任务: task_delete_line
2025-10-29 13:53:24,454 - INFO - [SQL_REPO] 插入 6 个任务步骤
2025-10-29 13:53:24,455 - INFO - ✓ 任务 task_delete_line 导入成功
2025-10-29 13:53:24,455 - INFO - 正在导入: task_delete_measurement_parameter.json
2025-10-29 13:53:24,461 - INFO - [SQL_REPO] 更新任务: task_delete_measurement_parameter
2025-10-29 13:53:24,468 - INFO - [SQL_REPO] 插入 4 个任务步骤
2025-10-29 13:53:24,468 - INFO - ✓ 任务 task_delete_measurement_parameter 导入成功
2025-10-29 13:53:24,468 - INFO - 正在导入: task_delete_model.json
2025-10-29 13:53:24,471 - INFO - [SQL_REPO] 更新任务: task_delete_model
2025-10-29 13:53:24,476 - INFO - [SQL_REPO] 插入 4 个任务步骤
2025-10-29 13:53:24,476 - INFO - ✓ 任务 task_delete_model 导入成功
2025-10-29 13:53:24,477 - INFO - 正在导入: task_delete_order_analysis.json
2025-10-29 13:53:24,479 - INFO - [SQL_REPO] 更新任务: task_delete_order_analysis
2025-10-29 13:53:24,491 - INFO - [SQL_REPO] 插入 5 个任务步骤
2025-10-29 13:53:24,491 - INFO - ✓ 任务 task_delete_order_analysis 导入成功
2025-10-29 13:53:24,492 - INFO - 正在导入: task_delete_plane.json
2025-10-29 13:53:24,496 - INFO - [SQL_REPO] 更新任务: task_delete_plane
2025-10-29 13:53:24,506 - INFO - [SQL_REPO] 插入 6 个任务步骤
2025-10-29 13:53:24,507 - INFO - ✓ 任务 task_delete_plane 导入成功
2025-10-29 13:53:24,507 - INFO - 正在导入: task_delete_point.json
2025-10-29 13:53:24,511 - INFO - [SQL_REPO] 更新任务: task_delete_point
2025-10-29 13:53:24,516 - INFO - [SQL_REPO] 插入 6 个任务步骤
2025-10-29 13:53:24,517 - INFO - ✓ 任务 task_delete_point 导入成功
2025-10-29 13:53:24,517 - INFO - 正在导入: task_delete_project.json
2025-10-29 13:53:24,519 - INFO - [SQL_REPO] 更新任务: task_delete_project
2025-10-29 13:53:24,524 - INFO - [SQL_REPO] 插入 2 个任务步骤
2025-10-29 13:53:24,525 - INFO - ✓ 任务 task_delete_project 导入成功
2025-10-29 13:53:24,525 - INFO - 正在导入: task_delete_substructure.json
2025-10-29 13:53:24,526 - INFO - [SQL_REPO] 更新任务: task_delete_substructure
2025-10-29 13:53:24,531 - INFO - [SQL_REPO] 插入 4 个任务步骤
2025-10-29 13:53:24,532 - INFO - ✓ 任务 task_delete_substructure 导入成功
2025-10-29 13:53:24,532 - INFO - 正在导入: task_delete_test_point.json
2025-10-29 13:53:24,536 - INFO - [SQL_REPO] 更新任务: task_delete_test_point
2025-10-29 13:53:24,548 - INFO - [SQL_REPO] 插入 4 个任务步骤
2025-10-29 13:53:24,548 - INFO - ✓ 任务 task_delete_test_point 导入成功
2025-10-29 13:53:24,549 - INFO - 正在导入: task_edit_point_number.json
2025-10-29 13:53:24,554 - INFO - [SQL_REPO] 更新任务: task_edit_point_number
2025-10-29 13:53:24,566 - INFO - [SQL_REPO] 插入 3 个任务步骤
2025-10-29 13:53:24,566 - INFO - ✓ 任务 task_edit_point_number 导入成功
2025-10-29 13:53:24,566 - INFO - 正在导入: task_export_avi.json
2025-10-29 13:53:24,568 - INFO - [SQL_REPO] 更新任务: task_export_avi
2025-10-29 13:53:24,574 - INFO - [SQL_REPO] 插入 4 个任务步骤
2025-10-29 13:53:24,575 - INFO - ✓ 任务 task_export_avi 导入成功
2025-10-29 13:53:24,575 - INFO - 正在导入: task_export_cable_force_information.json
2025-10-29 13:53:24,577 - INFO - [SQL_REPO] 更新任务: task_export_cable_force_information
2025-10-29 13:53:24,582 - INFO - [SQL_REPO] 插入 5 个任务步骤
2025-10-29 13:53:24,583 - INFO - ✓ 任务 task_export_cable_force_information 导入成功
2025-10-29 13:53:24,583 - INFO - 正在导入: task_export_test_point.json
2025-10-29 13:53:24,587 - INFO - [SQL_REPO] 更新任务: task_export_test_point
2025-10-29 13:53:24,597 - INFO - [SQL_REPO] 插入 4 个任务步骤
2025-10-29 13:53:24,598 - INFO - ✓ 任务 task_export_test_point 导入成功
2025-10-29 13:53:24,598 - INFO - 正在导入: task_extend_object.json
2025-10-29 13:53:24,600 - INFO - [SQL_REPO] 更新任务: task_extend_object
2025-10-29 13:53:24,611 - INFO - [SQL_REPO] 插入 5 个任务步骤
2025-10-29 13:53:24,611 - INFO - ✓ 任务 task_extend_object 导入成功
2025-10-29 13:53:24,612 - INFO - 正在导入: task_fft_display.json
2025-10-29 13:53:24,615 - INFO - [SQL_REPO] 更新任务: task_fft_display
2025-10-29 13:53:24,620 - INFO - [SQL_REPO] 插入 3 个任务步骤
2025-10-29 13:53:24,620 - INFO - ✓ 任务 task_fft_display 导入成功
2025-10-29 13:53:24,621 - INFO - 正在导入: task_frame_by_frame_display.json
2025-10-29 13:53:24,623 - INFO - [SQL_REPO] 更新任务: task_frame_by_frame_display
2025-10-29 13:53:24,628 - INFO - [SQL_REPO] 插入 3 个任务步骤
2025-10-29 13:53:24,628 - INFO - ✓ 任务 task_frame_by_frame_display 导入成功
2025-10-29 13:53:24,628 - INFO - 正在导入: task_frequency_response_analysis_settings.json
2025-10-29 13:53:24,630 - INFO - [SQL_REPO] 更新任务: task_frequency_response_analysis_settings
2025-10-29 13:53:24,636 - INFO - [SQL_REPO] 插入 3 个任务步骤
2025-10-29 13:53:24,637 - INFO - ✓ 任务 task_frequency_response_analysis_settings 导入成功
2025-10-29 13:53:24,637 - INFO - 正在导入: task_full_fft_analysis.json
2025-10-29 13:53:24,642 - INFO - [SQL_REPO] 更新任务: task_full_fft_analysis
2025-10-29 13:53:24,648 - INFO - [SQL_REPO] 插入 6 个任务步骤
2025-10-29 13:53:24,648 - INFO - ✓ 任务 task_full_fft_analysis 导入成功
2025-10-29 13:53:24,648 - INFO - 正在导入: task_import_cable_force_information.json
2025-10-29 13:53:24,650 - INFO - [SQL_REPO] 更新任务: task_import_cable_force_information
2025-10-29 13:53:24,655 - INFO - [SQL_REPO] 插入 5 个任务步骤
2025-10-29 13:53:24,656 - INFO - ✓ 任务 task_import_cable_force_information 导入成功
2025-10-29 13:53:24,656 - INFO - 正在导入: task_import_measurement_parameter.json
2025-10-29 13:53:24,658 - INFO - [SQL_REPO] 更新任务: task_import_measurement_parameter
2025-10-29 13:53:24,662 - INFO - [SQL_REPO] 插入 4 个任务步骤
2025-10-29 13:53:24,662 - INFO - ✓ 任务 task_import_measurement_parameter 导入成功
2025-10-29 13:53:24,663 - INFO - 正在导入: task_import_model.json
2025-10-29 13:53:24,664 - INFO - [SQL_REPO] 更新任务: task_import_model
2025-10-29 13:53:24,670 - INFO - [SQL_REPO] 插入 4 个任务步骤
2025-10-29 13:53:24,670 - INFO - ✓ 任务 task_import_model 导入成功
2025-10-29 13:53:24,670 - INFO - 正在导入: task_import_test_point.json
2025-10-29 13:53:24,672 - INFO - [SQL_REPO] 更新任务: task_import_test_point
2025-10-29 13:53:24,678 - INFO - [SQL_REPO] 插入 4 个任务步骤
2025-10-29 13:53:24,678 - INFO - ✓ 任务 task_import_test_point 导入成功
2025-10-29 13:53:24,678 - INFO - 正在导入: task_material_property_calculation.json
2025-10-29 13:53:24,681 - INFO - [SQL_REPO] 更新任务: task_material_property_calculation
2025-10-29 13:53:24,687 - INFO - [SQL_REPO] 插入 3 个任务步骤
2025-10-29 13:53:24,688 - INFO - ✓ 任务 task_material_property_calculation 导入成功
2025-10-29 13:53:24,688 - INFO - 正在导入: task_mirror_object.json
2025-10-29 13:53:24,691 - INFO - [SQL_REPO] 更新任务: task_copy_object
2025-10-29 13:53:24,701 - INFO - [SQL_REPO] 插入 5 个任务步骤
2025-10-29 13:53:24,702 - INFO - ✓ 任务 task_copy_object 导入成功
2025-10-29 13:53:24,702 - INFO - 正在导入: task_modal_animation_controls.json
2025-10-29 13:53:24,705 - INFO - [SQL_REPO] 更新任务: task_modal_animation_controls
2025-10-29 13:53:24,710 - INFO - [SQL_REPO] 插入 6 个任务步骤
2025-10-29 13:53:24,711 - INFO - ✓ 任务 task_modal_animation_controls 导入成功
2025-10-29 13:53:24,711 - INFO - 正在导入: task_modal_animation_display.json
2025-10-29 13:53:24,714 - INFO - [SQL_REPO] 更新任务: task_modal_animation_display
2025-10-29 13:53:24,722 - INFO - [SQL_REPO] 插入 3 个任务步骤
2025-10-29 13:53:24,723 - INFO - ✓ 任务 task_modal_animation_display 导入成功
2025-10-29 13:53:24,723 - INFO - 正在导入: task_modal_verification.json
2025-10-29 13:53:24,728 - INFO - [SQL_REPO] 更新任务: task_modal_verification
2025-10-29 13:53:24,735 - INFO - [SQL_REPO] 插入 4 个任务步骤
2025-10-29 13:53:24,735 - INFO - ✓ 任务 task_modal_verification 导入成功
2025-10-29 13:53:24,736 - INFO - 正在导入: task_modify_algorithm.json
2025-10-29 13:53:24,741 - INFO - [SQL_REPO] 更新任务: task_modify_algorithm
2025-10-29 13:53:24,749 - INFO - [SQL_REPO] 插入 5 个任务步骤
2025-10-29 13:53:24,750 - INFO - ✓ 任务 task_modify_algorithm 导入成功
2025-10-29 13:53:24,750 - INFO - 正在导入: task_modify_channel_params.json
2025-10-29 13:53:24,752 - INFO - [SQL_REPO] 更新任务: task_modify_channel_params
2025-10-29 13:53:24,757 - INFO - [SQL_REPO] 插入 4 个任务步骤
2025-10-29 13:53:24,758 - INFO - ✓ 任务 task_modify_channel_params 导入成功
2025-10-29 13:53:24,758 - INFO - 正在导入: task_new_cable_force_analysis.json
2025-10-29 13:53:24,760 - INFO - [SQL_REPO] 更新任务: task_new_cable_force_analysis
2025-10-29 13:53:24,768 - INFO - [SQL_REPO] 插入 4 个任务步骤
2025-10-29 13:53:24,769 - INFO - ✓ 任务 task_new_cable_force_analysis 导入成功
2025-10-29 13:53:24,769 - INFO - 正在导入: task_new_model.json
2025-10-29 13:53:24,776 - INFO - [SQL_REPO] 更新任务: task_new_model
2025-10-29 13:53:24,785 - INFO - [SQL_REPO] 插入 4 个任务步骤
2025-10-29 13:53:24,785 - INFO - ✓ 任务 task_new_model 导入成功
2025-10-29 13:53:24,786 - INFO - 正在导入: task_new_order_analysis.json
2025-10-29 13:53:24,792 - INFO - [SQL_REPO] 更新任务: task_new_cable_force_analysis
2025-10-29 13:53:24,803 - INFO - [SQL_REPO] 插入 4 个任务步骤
2025-10-29 13:53:24,803 - INFO - ✓ 任务 task_new_cable_force_analysis 导入成功
2025-10-29 13:53:24,804 - INFO - 正在导入: task_new_project.json
2025-10-29 13:53:24,806 - INFO - [SQL_REPO] 更新任务: task_project_management
2025-10-29 13:53:24,814 - INFO - [SQL_REPO] 插入 3 个任务步骤
2025-10-29 13:53:24,815 - INFO - ✓ 任务 task_project_management 导入成功
2025-10-29 13:53:24,815 - INFO - 正在导入: task_new_test_point.json
2025-10-29 13:53:24,818 - INFO - [SQL_REPO] 更新任务: task_new_test_point
2025-10-29 13:53:24,829 - INFO - [SQL_REPO] 插入 4 个任务步骤
2025-10-29 13:53:24,830 - INFO - ✓ 任务 task_new_test_point 导入成功
2025-10-29 13:53:24,830 - INFO - 正在导入: task_open_project.json
2025-10-29 13:53:24,832 - INFO - [SQL_REPO] 更新任务: task_open_project
2025-10-29 13:53:24,843 - INFO - [SQL_REPO] 插入 3 个任务步骤
2025-10-29 13:53:24,844 - INFO - ✓ 任务 task_open_project 导入成功
2025-10-29 13:53:24,844 - INFO - 正在导入: task_paste_measurement_channel.json
2025-10-29 13:53:24,847 - INFO - [SQL_REPO] 更新任务: task_paste_measurement_channel
2025-10-29 13:53:24,853 - INFO - [SQL_REPO] 插入 5 个任务步骤
2025-10-29 13:53:24,853 - INFO - ✓ 任务 task_paste_measurement_channel 导入成功
2025-10-29 13:53:24,853 - INFO - 正在导入: task_paste_measurement_parameter.json
2025-10-29 13:53:24,855 - INFO - [SQL_REPO] 更新任务: task_paste_measurement_parameter
2025-10-29 13:53:24,861 - INFO - [SQL_REPO] 插入 4 个任务步骤
2025-10-29 13:53:24,861 - INFO - ✓ 任务 task_paste_measurement_parameter 导入成功
2025-10-29 13:53:24,861 - INFO - 正在导入: task_print_data.json
2025-10-29 13:53:24,863 - INFO - [SQL_REPO] 更新任务: task_print_data
2025-10-29 13:53:24,869 - INFO - [SQL_REPO] 插入 4 个任务步骤
2025-10-29 13:53:24,870 - INFO - ✓ 任务 task_print_data 导入成功
2025-10-29 13:53:24,870 - INFO - 正在导入: task_project_Automatic_naming.json
2025-10-29 13:53:24,876 - INFO - [SQL_REPO] 更新任务: task_project_Automatic_naming
2025-10-29 13:53:24,882 - INFO - [SQL_REPO] 插入 4 个任务步骤
2025-10-29 13:53:24,883 - INFO - ✓ 任务 task_project_Automatic_naming 导入成功
2025-10-29 13:53:24,883 - INFO - 正在导入: task_quick_output.json
2025-10-29 13:53:24,887 - INFO - [SQL_REPO] 更新任务: task_quick_output
2025-10-29 13:53:24,896 - INFO - [SQL_REPO] 插入 4 个任务步骤
2025-10-29 13:53:24,897 - INFO - ✓ 任务 task_quick_output 导入成功
2025-10-29 13:53:24,897 - INFO - 正在导入: task_rainflow_analysis.json
2025-10-29 13:53:24,899 - INFO - [SQL_REPO] 更新任务: task_rainflow_analysis
2025-10-29 13:53:24,904 - INFO - [SQL_REPO] 插入 5 个任务步骤
2025-10-29 13:53:24,905 - INFO - ✓ 任务 task_rainflow_analysis 导入成功
2025-10-29 13:53:24,905 - INFO - 正在导入: task_realtime_measurement.json
2025-10-29 13:53:24,907 - INFO - [SQL_REPO] 更新任务: task_realtime_measurement
2025-10-29 13:53:24,912 - INFO - [SQL_REPO] 插入 5 个任务步骤
2025-10-29 13:53:24,913 - INFO - ✓ 任务 task_realtime_measurement 导入成功
2025-10-29 13:53:24,913 - INFO - 正在导入: task_realtime_signal_processing.json
2025-10-29 13:53:24,914 - INFO - [SQL_REPO] 更新任务: task_realtime_signal_processing
2025-10-29 13:53:24,923 - INFO - [SQL_REPO] 插入 3 个任务步骤
2025-10-29 13:53:24,923 - INFO - ✓ 任务 task_realtime_signal_processing 导入成功
2025-10-29 13:53:24,924 - INFO - 正在导入: task_recorder_display.json
2025-10-29 13:53:24,928 - INFO - [SQL_REPO] 更新任务: task_recorder_display
2025-10-29 13:53:24,934 - INFO - [SQL_REPO] 插入 3 个任务步骤
2025-10-29 13:53:24,934 - INFO - ✓ 任务 task_recorder_display 导入成功
2025-10-29 13:53:24,934 - INFO - 正在导入: task_rename_measurement_parameter.json
2025-10-29 13:53:24,940 - INFO - [SQL_REPO] 更新任务: task_rename_measurement_parameter
2025-10-29 13:53:24,949 - INFO - [SQL_REPO] 插入 4 个任务步骤
2025-10-29 13:53:24,950 - INFO - ✓ 任务 task_rename_measurement_parameter 导入成功
2025-10-29 13:53:24,950 - INFO - 正在导入: task_rename_project.json
2025-10-29 13:53:24,952 - INFO - [SQL_REPO] 更新任务: task_rename_project
2025-10-29 13:53:24,958 - INFO - [SQL_REPO] 插入 2 个任务步骤
2025-10-29 13:53:24,958 - INFO - ✓ 任务 task_rename_project 导入成功
2025-10-29 13:53:24,958 - INFO - 正在导入: task_rotate_object.json
2025-10-29 13:53:24,960 - INFO - [SQL_REPO] 更新任务: task_rotate_object
2025-10-29 13:53:24,965 - INFO - [SQL_REPO] 插入 5 个任务步骤
2025-10-29 13:53:24,966 - INFO - ✓ 任务 task_rotate_object 导入成功
2025-10-29 13:53:24,966 - INFO - 正在导入: task_select_sampling_frequency.json
2025-10-29 13:53:24,970 - INFO - [SQL_REPO] 更新任务: task_select_sampling_frequency
2025-10-29 13:53:24,980 - INFO - [SQL_REPO] 插入 4 个任务步骤
2025-10-29 13:53:24,980 - INFO - ✓ 任务 task_select_sampling_frequency 导入成功
2025-10-29 13:53:24,981 - INFO - 正在导入: task_set_channel_table.json
2025-10-29 13:53:24,983 - INFO - [SQL_REPO] 更新任务: task_set_channel_table
2025-10-29 13:53:25,000 - INFO - [SQL_REPO] 插入 3 个任务步骤
2025-10-29 13:53:25,000 - INFO - ✓ 任务 task_set_channel_table 导入成功
2025-10-29 13:53:25,000 - INFO - 正在导入: task_set_measurement_channels.json
2025-10-29 13:53:25,003 - INFO - [SQL_REPO] 更新任务: task_set_measurement_channels
2025-10-29 13:53:25,008 - INFO - [SQL_REPO] 插入 3 个任务步骤
2025-10-29 13:53:25,009 - INFO - ✓ 任务 task_set_measurement_channels 导入成功
2025-10-29 13:53:25,009 - INFO - 正在导入: task_set_storage_method.json
2025-10-29 13:53:25,011 - INFO - [SQL_REPO] 更新任务: task_set_storage_rules
2025-10-29 13:53:25,022 - INFO - [SQL_REPO] 插入 3 个任务步骤
2025-10-29 13:53:25,023 - INFO - ✓ 任务 task_set_storage_rules 导入成功
2025-10-29 13:53:25,023 - INFO - 正在导入: task_set_storage_path.json
2025-10-29 13:53:25,029 - INFO - [SQL_REPO] 更新任务: task_set_storage_rules
2025-10-29 13:53:25,041 - INFO - [SQL_REPO] 插入 3 个任务步骤
2025-10-29 13:53:25,042 - INFO - ✓ 任务 task_set_storage_rules 导入成功
2025-10-29 13:53:25,042 - INFO - 正在导入: task_set_test_name.json
2025-10-29 13:53:25,046 - INFO - [SQL_REPO] 更新任务: task_set_storage_rules
2025-10-29 13:53:25,053 - INFO - [SQL_REPO] 插入 3 个任务步骤
2025-10-29 13:53:25,054 - INFO - ✓ 任务 task_set_storage_rules 导入成功
2025-10-29 13:53:25,054 - INFO - 正在导入: task_set_vehicle_ride_comfort.json
2025-10-29 13:53:25,056 - INFO - [SQL_REPO] 更新任务: task_set_vehicle_ride_comfort
2025-10-29 13:53:25,062 - INFO - [SQL_REPO] 插入 3 个任务步骤
2025-10-29 13:53:25,062 - INFO - ✓ 任务 task_set_vehicle_ride_comfort 导入成功
2025-10-29 13:53:25,063 - INFO - 正在导入: task_shape_comparison.json
2025-10-29 13:53:25,065 - INFO - [SQL_REPO] 更新任务: task_shape_comparison
2025-10-29 13:53:25,075 - INFO - [SQL_REPO] 插入 3 个任务步骤
2025-10-29 13:53:25,075 - INFO - ✓ 任务 task_shape_comparison 导入成功
2025-10-29 13:53:25,076 - INFO - 正在导入: task_signal_add_spectrum_analysis.json
2025-10-29 13:53:25,080 - INFO - [SQL_REPO] 更新任务: task_signal_add_spectrum_analysis
2025-10-29 13:53:25,092 - INFO - [SQL_REPO] 插入 4 个任务步骤
2025-10-29 13:53:25,093 - INFO - ✓ 任务 task_signal_add_spectrum_analysis 导入成功
2025-10-29 13:53:25,093 - INFO - 正在导入: task_signal_delete_spectrum_analysis.json
2025-10-29 13:53:25,099 - INFO - [SQL_REPO] 更新任务: task_signal_delete_spectrum_analysis
2025-10-29 13:53:25,106 - INFO - [SQL_REPO] 插入 5 个任务步骤
2025-10-29 13:53:25,106 - INFO - ✓ 任务 task_signal_delete_spectrum_analysis 导入成功
2025-10-29 13:53:25,106 - INFO - 正在导入: task_signal_selection.json
2025-10-29 13:53:25,109 - INFO - [SQL_REPO] 更新任务: task_signal_selection
2025-10-29 13:53:25,122 - INFO - [SQL_REPO] 插入 4 个任务步骤
2025-10-29 13:53:25,123 - INFO - ✓ 任务 task_signal_selection 导入成功
2025-10-29 13:53:25,123 - INFO - 正在导入: task_signal_set_spectrum_analysis.json
2025-10-29 13:53:25,128 - INFO - [SQL_REPO] 更新任务: task_signal_set_spectrum_analysis
2025-10-29 13:53:25,138 - INFO - [SQL_REPO] 插入 4 个任务步骤
2025-10-29 13:53:25,139 - INFO - ✓ 任务 task_signal_set_spectrum_analysis 导入成功
2025-10-29 13:53:25,139 - INFO - 正在导入: task_sound_intensity_analysis_setup.json
2025-10-29 13:53:25,142 - INFO - [SQL_REPO] 更新任务: task_sound_intensity_analysis_setup
2025-10-29 13:53:25,149 - INFO - [SQL_REPO] 插入 6 个任务步骤
2025-10-29 13:53:25,149 - INFO - ✓ 任务 task_sound_intensity_analysis_setup 导入成功
2025-10-29 13:53:25,149 - INFO - 正在导入: task_split_line.json
2025-10-29 13:53:25,152 - INFO - [SQL_REPO] 更新任务: task_split_line
2025-10-29 13:53:25,158 - INFO - [SQL_REPO] 插入 5 个任务步骤
2025-10-29 13:53:25,159 - INFO - ✓ 任务 task_split_line 导入成功
2025-10-29 13:53:25,159 - INFO - 正在导入: task_stretch_object.json
2025-10-29 13:53:25,161 - INFO - [SQL_REPO] 更新任务: task_stretch_object
2025-10-29 13:53:25,170 - INFO - [SQL_REPO] 插入 5 个任务步骤
2025-10-29 13:53:25,171 - INFO - ✓ 任务 task_stretch_object 导入成功
2025-10-29 13:53:25,172 - INFO - 正在导入: task_use_envelope_analysis.json
2025-10-29 13:53:25,177 - INFO - [SQL_REPO] 更新任务: task_use_envelope_analysis
2025-10-29 13:53:25,192 - INFO - [SQL_REPO] 插入 4 个任务步骤
2025-10-29 13:53:25,192 - INFO - ✓ 任务 task_use_envelope_analysis 导入成功
2025-10-29 13:53:25,193 - INFO - 正在导入: task_use_rotor_balancer.json
2025-10-29 13:53:25,199 - INFO - [SQL_REPO] 更新任务: task_rotor_balancer
2025-10-29 13:53:25,208 - INFO - [SQL_REPO] 插入 3 个任务步骤
2025-10-29 13:53:25,208 - INFO - ✓ 任务 task_rotor_balancer 导入成功
2025-10-29 13:53:25,208 - INFO - 正在导入: task_view_analysis_channel_info.json
2025-10-29 13:53:25,212 - INFO - [SQL_REPO] 更新任务: task_view_analysis_channel_info
2025-10-29 13:53:25,237 - INFO - [SQL_REPO] 插入 3 个任务步骤
2025-10-29 13:53:25,238 - INFO - ✓ 任务 task_view_analysis_channel_info 导入成功
2025-10-29 13:53:25,239 - INFO - 正在导入: task_view_analysis_interface.json
2025-10-29 13:53:25,247 - INFO - [SQL_REPO] 更新任务: task_view_analysis_interface
2025-10-29 13:53:25,261 - INFO - [SQL_REPO] 插入 2 个任务步骤
2025-10-29 13:53:25,261 - INFO - ✓ 任务 task_view_analysis_interface 导入成功
2025-10-29 13:53:25,261 - INFO - 正在导入: task_view_data_management_interface.json
2025-10-29 13:53:25,265 - INFO - [SQL_REPO] 更新任务: task_view_data_management_interface
2025-10-29 13:53:25,283 - INFO - [SQL_REPO] 插入 2 个任务步骤
2025-10-29 13:53:25,284 - INFO - ✓ 任务 task_view_data_management_interface 导入成功
2025-10-29 13:53:25,284 - INFO - 正在导入: task_view_events.json
2025-10-29 13:53:25,292 - INFO - [SQL_REPO] 更新任务: task_view_events
2025-10-29 13:53:25,305 - INFO - [SQL_REPO] 插入 2 个任务步骤
2025-10-29 13:53:25,306 - INFO - ✓ 任务 task_view_events 导入成功
2025-10-29 13:53:25,306 - INFO - 正在导入: task_view_event_interface.json
2025-10-29 13:53:25,310 - INFO - [SQL_REPO] 更新任务: task_view_event_interface
2025-10-29 13:53:25,316 - INFO - [SQL_REPO] 插入 2 个任务步骤
2025-10-29 13:53:25,317 - INFO - ✓ 任务 task_view_event_interface 导入成功
2025-10-29 13:53:25,318 - INFO - 正在导入: task_view_output_interface.json
2025-10-29 13:53:25,321 - INFO - [SQL_REPO] 更新任务: task_view_output_interface
2025-10-29 13:53:25,332 - INFO - [SQL_REPO] 插入 2 个任务步骤
2025-10-29 13:53:25,332 - INFO - ✓ 任务 task_view_output_interface 导入成功
2025-10-29 13:53:25,332 - INFO - 正在导入: task_view_param_settings.json
2025-10-29 13:53:25,337 - INFO - [SQL_REPO] 更新任务: task_view_param_settings
2025-10-29 13:53:25,348 - INFO - [SQL_REPO] 插入 2 个任务步骤
2025-10-29 13:53:25,349 - INFO - ✓ 任务 task_view_param_settings 导入成功
2025-10-29 13:53:25,349 - INFO - 正在导入: task_view_print_interface.json
2025-10-29 13:53:25,352 - INFO - [SQL_REPO] 更新任务: task_view_print_interface
2025-10-29 13:53:25,358 - INFO - [SQL_REPO] 插入 2 个任务步骤
2025-10-29 13:53:25,359 - INFO - ✓ 任务 task_view_print_interface 导入成功
2025-10-29 13:53:25,359 - INFO - 正在导入: task_view_signal_processing_analysis.json
2025-10-29 13:53:25,361 - INFO - [SQL_REPO] 更新任务: task_view_signal_processing_analysis
2025-10-29 13:53:25,367 - INFO - [SQL_REPO] 插入 2 个任务步骤
2025-10-29 13:53:25,368 - INFO - ✓ 任务 task_view_signal_processing_analysis 导入成功
2025-10-29 13:53:25,368 - INFO - 正在导入: task_wavelet_analysis.json
2025-10-29 13:53:25,374 - INFO - [SQL_REPO] 更新任务: task_wavelet_analysis
2025-10-29 13:53:25,382 - INFO - [SQL_REPO] 插入 4 个任务步骤
2025-10-29 13:53:25,382 - INFO - ✓ 任务 task_wavelet_analysis 导入成功
2025-10-29 13:53:25,383 - INFO - 任务数据导入完成: 101/101 成功
2025-10-29 13:53:25,383 - INFO - ============================================================
2025-10-29 13:53:25,383 - INFO - ✓ 任务数据导入完成！
2025-10-29 13:53:25,383 - INFO - ✓ 您的 AI 助手现在可以提供任务引导服务
2025-10-29 13:53:25,383 - INFO - 
关键任务已导入:
2025-10-29 13:53:25,383 - INFO - - task_signal_add_spectrum_analysis: 添加分析方法进行信号处理
2025-10-29 13:53:25,383 - INFO - - task_realtime_signal_processing: 实时信号处理
2025-10-29 13:53:25,383 - INFO - - task_full_fft_analysis: FFT分析任务
2025-10-29 13:53:25,384 - INFO - ============================================================
2025-10-29 13:57:00,373 - INFO - [TASK_IMPORTER] 初始化完成
2025-10-29 13:57:00,373 - INFO - [TASK_IMPORTER] 数据目录: C:\Donghua\ai_assistant_tool\backend\data
2025-10-29 13:57:00,373 - INFO - [TASK_IMPORTER] 初始数据目录: C:\Donghua\ai_assistant_tool\backend\data\initial_data
2025-10-29 13:57:00,374 - INFO - [TASK_IMPORTER] 图片目录: C:\Donghua\ai_assistant_tool\backend\data\images
2025-10-29 13:57:00,374 - INFO - ============================================================
2025-10-29 13:57:00,374 - INFO - AI 助手任务数据导入工具
2025-10-29 13:57:00,374 - INFO - ============================================================
2025-10-29 13:57:00,374 - INFO - 检查 PostgreSQL 连接...
2025-10-29 13:57:00,399 - INFO - ✓ PostgreSQL 连接成功
2025-10-29 13:57:00,399 - INFO - 初始化 PostgreSQL 数据库...
2025-10-29 13:57:00,400 - INFO - [SQL_REPO] 正在初始化数据库: postgresql://postgres:password@localhost:5432/ai_assistant
2025-10-29 13:57:00,473 - INFO - [SQL_REPO] ✓ 数据库初始化成功
2025-10-29 13:57:00,473 - INFO - 开始任务数据导入...
2025-10-29 13:57:00,474 - INFO - 开始导入任务数据...
2025-10-29 13:57:00,475 - INFO - 找到 101 个任务文件
2025-10-29 13:57:00,476 - INFO - 正在导入: task_2d_graph_display.json
2025-10-29 13:57:00,493 - INFO - [SQL_REPO] 更新任务: task_2d_graph_display
2025-10-29 13:57:00,513 - INFO - [SQL_REPO] 插入 3 个任务步骤
2025-10-29 13:57:00,514 - INFO - ✓ 任务 task_2d_graph_display 导入成功
2025-10-29 13:57:00,514 - INFO - 正在导入: task_acoustic_array_settings.json
2025-10-29 13:57:00,516 - INFO - [SQL_REPO] 更新任务: task_acoustic_array_settings
2025-10-29 13:57:00,530 - INFO - [SQL_REPO] 插入 4 个任务步骤
2025-10-29 13:57:00,530 - INFO - ✓ 任务 task_acoustic_array_settings 导入成功
2025-10-29 13:57:00,530 - INFO - 正在导入: task_acoustic_power_setup.json
2025-10-29 13:57:00,532 - INFO - [SQL_REPO] 更新任务: task_acoustic_power_setup
2025-10-29 13:57:00,540 - INFO - [SQL_REPO] 插入 4 个任务步骤
2025-10-29 13:57:00,540 - INFO - ✓ 任务 task_acoustic_power_setup 导入成功
2025-10-29 13:57:00,540 - INFO - 正在导入: task_acoustic_sound_pressure_setup.json
2025-10-29 13:57:00,542 - INFO - [SQL_REPO] 更新任务: task_acoustic_sound_pressure_setup
2025-10-29 13:57:00,551 - INFO - [SQL_REPO] 插入 6 个任务步骤
2025-10-29 13:57:00,551 - INFO - ✓ 任务 task_acoustic_sound_pressure_setup 导入成功
2025-10-29 13:57:00,552 - INFO - 正在导入: task_activate_test.json
2025-10-29 13:57:00,554 - INFO - [SQL_REPO] 更新任务: task_activate_test
2025-10-29 13:57:00,561 - INFO - [SQL_REPO] 插入 4 个任务步骤
2025-10-29 13:57:00,561 - INFO - ✓ 任务 task_activate_test 导入成功
2025-10-29 13:57:00,561 - INFO - 正在导入: task_add_cable_force_information.json
2025-10-29 13:57:00,564 - INFO - [SQL_REPO] 更新任务: task_add_cable_force_information
2025-10-29 13:57:00,572 - INFO - [SQL_REPO] 插入 4 个任务步骤
2025-10-29 13:57:00,573 - INFO - ✓ 任务 task_add_cable_force_information 导入成功
2025-10-29 13:57:00,573 - INFO - 正在导入: task_add_line.json
2025-10-29 13:57:00,576 - INFO - [SQL_REPO] 更新任务: task_add_line
2025-10-29 13:57:00,583 - INFO - [SQL_REPO] 插入 5 个任务步骤
2025-10-29 13:57:00,583 - INFO - ✓ 任务 task_add_line 导入成功
2025-10-29 13:57:00,583 - INFO - 正在导入: task_add_plane.json
2025-10-29 13:57:00,587 - INFO - [SQL_REPO] 更新任务: task_add_plane
2025-10-29 13:57:00,597 - INFO - [SQL_REPO] 插入 5 个任务步骤
2025-10-29 13:57:00,597 - INFO - ✓ 任务 task_add_plane 导入成功
2025-10-29 13:57:00,597 - INFO - 正在导入: task_add_point.json
2025-10-29 13:57:00,599 - INFO - [SQL_REPO] 更新任务: task_add_point
2025-10-29 13:57:00,607 - INFO - [SQL_REPO] 插入 5 个任务步骤
2025-10-29 13:57:00,607 - INFO - ✓ 任务 task_add_point 导入成功
2025-10-29 13:57:00,607 - INFO - 正在导入: task_add_substructure.json
2025-10-29 13:57:00,609 - INFO - [SQL_REPO] 更新任务: task_add_substructure
2025-10-29 13:57:00,618 - INFO - [SQL_REPO] 插入 4 个任务步骤
2025-10-29 13:57:00,619 - INFO - ✓ 任务 task_add_substructure 导入成功
2025-10-29 13:57:00,619 - INFO - 正在导入: task_analysis_report.json
2025-10-29 13:57:00,622 - INFO - [SQL_REPO] 更新任务: task_analysis_report
2025-10-29 13:57:00,630 - INFO - [SQL_REPO] 插入 4 个任务步骤
2025-10-29 13:57:00,630 - INFO - ✓ 任务 task_analysis_report 导入成功
2025-10-29 13:57:00,631 - INFO - 正在导入: task_automatic_modeling.json
2025-10-29 13:57:00,636 - INFO - [SQL_REPO] 更新任务: task_automatic_modeling
2025-10-29 13:57:00,643 - INFO - [SQL_REPO] 插入 4 个任务步骤
2025-10-29 13:57:00,644 - INFO - ✓ 任务 task_automatic_modeling 导入成功
2025-10-29 13:57:00,644 - INFO - 正在导入: task_auto_generate_point_number.json
2025-10-29 13:57:00,646 - INFO - [SQL_REPO] 更新任务: task_auto_generate_point_number
2025-10-29 13:57:00,653 - INFO - [SQL_REPO] 插入 4 个任务步骤
2025-10-29 13:57:00,653 - INFO - ✓ 任务 task_auto_generate_point_number 导入成功
2025-10-29 13:57:00,653 - INFO - 正在导入: task_change_animation_amplitude.json
2025-10-29 13:57:00,656 - INFO - [SQL_REPO] 更新任务: task_change_animation_amplitude
2025-10-29 13:57:00,662 - INFO - [SQL_REPO] 插入 3 个任务步骤
2025-10-29 13:57:00,663 - INFO - ✓ 任务 task_change_animation_amplitude 导入成功
2025-10-29 13:57:00,663 - INFO - 正在导入: task_change_animation_speed.json
2025-10-29 13:57:00,668 - INFO - [SQL_REPO] 更新任务: task_change_animation_speed
2025-10-29 13:57:00,676 - INFO - [SQL_REPO] 插入 3 个任务步骤
2025-10-29 13:57:00,676 - INFO - ✓ 任务 task_change_animation_speed 导入成功
2025-10-29 13:57:00,677 - INFO - 正在导入: task_channel_characteristics_settings.json
2025-10-29 13:57:00,679 - INFO - [SQL_REPO] 更新任务: task_set_channel_characteristics
2025-10-29 13:57:00,690 - INFO - [SQL_REPO] 插入 5 个任务步骤
2025-10-29 13:57:00,691 - INFO - ✓ 任务 task_set_channel_characteristics 导入成功
2025-10-29 13:57:00,691 - INFO - 正在导入: task_channel_grouping.json
2025-10-29 13:57:00,693 - INFO - [SQL_REPO] 更新任务: task_channel_grouping
2025-10-29 13:57:00,701 - INFO - [SQL_REPO] 插入 5 个任务步骤
2025-10-29 13:57:00,701 - INFO - ✓ 任务 task_channel_grouping 导入成功
2025-10-29 13:57:00,701 - INFO - 正在导入: task_channel_table_switch.json
2025-10-29 13:57:00,703 - INFO - [SQL_REPO] 更新任务: task_channel_table_switch
2025-10-29 13:57:00,709 - INFO - [SQL_REPO] 插入 4 个任务步骤
2025-10-29 13:57:00,710 - INFO - ✓ 任务 task_channel_table_switch 导入成功
2025-10-29 13:57:00,710 - INFO - 正在导入: task_clear_point_number.json
2025-10-29 13:57:00,712 - INFO - [SQL_REPO] 更新任务: task_clear_point_number
2025-10-29 13:57:00,722 - INFO - [SQL_REPO] 插入 4 个任务步骤
2025-10-29 13:57:00,722 - INFO - ✓ 任务 task_clear_point_number 导入成功
2025-10-29 13:57:00,722 - INFO - 正在导入: task_copy_measurement_channel.json
2025-10-29 13:57:00,725 - INFO - [SQL_REPO] 更新任务: task_copy_measurement_channel
2025-10-29 13:57:00,735 - INFO - [SQL_REPO] 插入 5 个任务步骤
2025-10-29 13:57:00,736 - INFO - ✓ 任务 task_copy_measurement_channel 导入成功
2025-10-29 13:57:00,736 - INFO - 正在导入: task_copy_measurement_parameter.json
2025-10-29 13:57:00,739 - INFO - [SQL_REPO] 更新任务: task_copy_measurement_parameter
2025-10-29 13:57:00,745 - INFO - [SQL_REPO] 插入 4 个任务步骤
2025-10-29 13:57:00,746 - INFO - ✓ 任务 task_copy_measurement_parameter 导入成功
2025-10-29 13:57:00,746 - INFO - 正在导入: task_copy_object.json
2025-10-29 13:57:00,748 - INFO - [SQL_REPO] 更新任务: task_mirror_object
2025-10-29 13:57:00,754 - INFO - [SQL_REPO] 插入 5 个任务步骤
2025-10-29 13:57:00,755 - INFO - ✓ 任务 task_mirror_object 导入成功
2025-10-29 13:57:00,755 - INFO - 正在导入: task_cut_measurement_parameter.json
2025-10-29 13:57:00,756 - INFO - [SQL_REPO] 更新任务: task_cut_measurement_parameter
2025-10-29 13:57:00,764 - INFO - [SQL_REPO] 插入 4 个任务步骤
2025-10-29 13:57:00,764 - INFO - ✓ 任务 task_cut_measurement_parameter 导入成功
2025-10-29 13:57:00,764 - INFO - 正在导入: task_data_output.json
2025-10-29 13:57:00,768 - INFO - [SQL_REPO] 更新任务: task_data_output
2025-10-29 13:57:00,777 - INFO - [SQL_REPO] 插入 4 个任务步骤
2025-10-29 13:57:00,777 - INFO - ✓ 任务 task_data_output 导入成功
2025-10-29 13:57:00,777 - INFO - 正在导入: task_data_replay.json
2025-10-29 13:57:00,780 - INFO - [SQL_REPO] 更新任务: task_data_replay
2025-10-29 13:57:00,790 - INFO - [SQL_REPO] 插入 4 个任务步骤
2025-10-29 13:57:00,791 - INFO - ✓ 任务 task_data_replay 导入成功
2025-10-29 13:57:00,791 - INFO - 正在导入: task_delete_cable_force_analysis.json
2025-10-29 13:57:00,793 - INFO - [SQL_REPO] 更新任务: task_delete_cable_force_analysis
2025-10-29 13:57:00,800 - INFO - [SQL_REPO] 插入 4 个任务步骤
2025-10-29 13:57:00,800 - INFO - ✓ 任务 task_delete_cable_force_analysis 导入成功
2025-10-29 13:57:00,800 - INFO - 正在导入: task_delete_cable_force_information.json
2025-10-29 13:57:00,802 - INFO - [SQL_REPO] 更新任务: task_delete_cable_force_information
2025-10-29 13:57:00,809 - INFO - [SQL_REPO] 插入 5 个任务步骤
2025-10-29 13:57:00,809 - INFO - ✓ 任务 task_delete_cable_force_information 导入成功
2025-10-29 13:57:00,809 - INFO - 正在导入: task_delete_line.json
2025-10-29 13:57:00,812 - INFO - [SQL_REPO] 更新任务: task_delete_line
2025-10-29 13:57:00,823 - INFO - [SQL_REPO] 插入 6 个任务步骤
2025-10-29 13:57:00,823 - INFO - ✓ 任务 task_delete_line 导入成功
2025-10-29 13:57:00,823 - INFO - 正在导入: task_delete_measurement_parameter.json
2025-10-29 13:57:00,825 - INFO - [SQL_REPO] 更新任务: task_delete_measurement_parameter
2025-10-29 13:57:00,834 - INFO - [SQL_REPO] 插入 4 个任务步骤
2025-10-29 13:57:00,834 - INFO - ✓ 任务 task_delete_measurement_parameter 导入成功
2025-10-29 13:57:00,835 - INFO - 正在导入: task_delete_model.json
2025-10-29 13:57:00,837 - INFO - [SQL_REPO] 更新任务: task_delete_model
2025-10-29 13:57:00,844 - INFO - [SQL_REPO] 插入 4 个任务步骤
2025-10-29 13:57:00,844 - INFO - ✓ 任务 task_delete_model 导入成功
2025-10-29 13:57:00,844 - INFO - 正在导入: task_delete_order_analysis.json
2025-10-29 13:57:00,846 - INFO - [SQL_REPO] 更新任务: task_delete_order_analysis
2025-10-29 13:57:00,853 - INFO - [SQL_REPO] 插入 5 个任务步骤
2025-10-29 13:57:00,853 - INFO - ✓ 任务 task_delete_order_analysis 导入成功
2025-10-29 13:57:00,854 - INFO - 正在导入: task_delete_plane.json
2025-10-29 13:57:00,856 - INFO - [SQL_REPO] 更新任务: task_delete_plane
2025-10-29 13:57:00,863 - INFO - [SQL_REPO] 插入 6 个任务步骤
2025-10-29 13:57:00,864 - INFO - ✓ 任务 task_delete_plane 导入成功
2025-10-29 13:57:00,864 - INFO - 正在导入: task_delete_point.json
2025-10-29 13:57:00,869 - INFO - [SQL_REPO] 更新任务: task_delete_point
2025-10-29 13:57:00,876 - INFO - [SQL_REPO] 插入 6 个任务步骤
2025-10-29 13:57:00,876 - INFO - ✓ 任务 task_delete_point 导入成功
2025-10-29 13:57:00,876 - INFO - 正在导入: task_delete_project.json
2025-10-29 13:57:00,878 - INFO - [SQL_REPO] 更新任务: task_delete_project
2025-10-29 13:57:00,888 - INFO - [SQL_REPO] 插入 2 个任务步骤
2025-10-29 13:57:00,888 - INFO - ✓ 任务 task_delete_project 导入成功
2025-10-29 13:57:00,889 - INFO - 正在导入: task_delete_substructure.json
2025-10-29 13:57:00,891 - INFO - [SQL_REPO] 更新任务: task_delete_substructure
2025-10-29 13:57:00,899 - INFO - [SQL_REPO] 插入 4 个任务步骤
2025-10-29 13:57:00,899 - INFO - ✓ 任务 task_delete_substructure 导入成功
2025-10-29 13:57:00,899 - INFO - 正在导入: task_delete_test_point.json
2025-10-29 13:57:00,901 - INFO - [SQL_REPO] 更新任务: task_delete_test_point
2025-10-29 13:57:00,908 - INFO - [SQL_REPO] 插入 4 个任务步骤
2025-10-29 13:57:00,908 - INFO - ✓ 任务 task_delete_test_point 导入成功
2025-10-29 13:57:00,909 - INFO - 正在导入: task_edit_point_number.json
2025-10-29 13:57:00,911 - INFO - [SQL_REPO] 更新任务: task_edit_point_number
2025-10-29 13:57:00,920 - INFO - [SQL_REPO] 插入 3 个任务步骤
2025-10-29 13:57:00,920 - INFO - ✓ 任务 task_edit_point_number 导入成功
2025-10-29 13:57:00,921 - INFO - 正在导入: task_export_avi.json
2025-10-29 13:57:00,923 - INFO - [SQL_REPO] 更新任务: task_export_avi
2025-10-29 13:57:00,930 - INFO - [SQL_REPO] 插入 4 个任务步骤
2025-10-29 13:57:00,930 - INFO - ✓ 任务 task_export_avi 导入成功
2025-10-29 13:57:00,930 - INFO - 正在导入: task_export_cable_force_information.json
2025-10-29 13:57:00,934 - INFO - [SQL_REPO] 更新任务: task_export_cable_force_information
2025-10-29 13:57:00,943 - INFO - [SQL_REPO] 插入 5 个任务步骤
2025-10-29 13:57:00,943 - INFO - ✓ 任务 task_export_cable_force_information 导入成功
2025-10-29 13:57:00,943 - INFO - 正在导入: task_export_test_point.json
2025-10-29 13:57:00,946 - INFO - [SQL_REPO] 更新任务: task_export_test_point
2025-10-29 13:57:00,952 - INFO - [SQL_REPO] 插入 4 个任务步骤
2025-10-29 13:57:00,952 - INFO - ✓ 任务 task_export_test_point 导入成功
2025-10-29 13:57:00,952 - INFO - 正在导入: task_extend_object.json
2025-10-29 13:57:00,955 - INFO - [SQL_REPO] 更新任务: task_extend_object
2025-10-29 13:57:00,964 - INFO - [SQL_REPO] 插入 5 个任务步骤
2025-10-29 13:57:00,965 - INFO - ✓ 任务 task_extend_object 导入成功
2025-10-29 13:57:00,965 - INFO - 正在导入: task_fft_display.json
2025-10-29 13:57:00,969 - INFO - [SQL_REPO] 更新任务: task_fft_display
2025-10-29 13:57:00,977 - INFO - [SQL_REPO] 插入 3 个任务步骤
2025-10-29 13:57:00,977 - INFO - ✓ 任务 task_fft_display 导入成功
2025-10-29 13:57:00,977 - INFO - 正在导入: task_frame_by_frame_display.json
2025-10-29 13:57:00,979 - INFO - [SQL_REPO] 更新任务: task_frame_by_frame_display
2025-10-29 13:57:00,990 - INFO - [SQL_REPO] 插入 3 个任务步骤
2025-10-29 13:57:00,990 - INFO - ✓ 任务 task_frame_by_frame_display 导入成功
2025-10-29 13:57:00,990 - INFO - 正在导入: task_frequency_response_analysis_settings.json
2025-10-29 13:57:00,993 - INFO - [SQL_REPO] 更新任务: task_frequency_response_analysis_settings
2025-10-29 13:57:01,000 - INFO - [SQL_REPO] 插入 3 个任务步骤
2025-10-29 13:57:01,001 - INFO - ✓ 任务 task_frequency_response_analysis_settings 导入成功
2025-10-29 13:57:01,001 - INFO - 正在导入: task_full_fft_analysis.json
2025-10-29 13:57:01,003 - INFO - [SQL_REPO] 更新任务: task_full_fft_analysis
2025-10-29 13:57:01,010 - INFO - [SQL_REPO] 插入 6 个任务步骤
2025-10-29 13:57:01,011 - INFO - ✓ 任务 task_full_fft_analysis 导入成功
2025-10-29 13:57:01,011 - INFO - 正在导入: task_import_cable_force_information.json
2025-10-29 13:57:01,013 - INFO - [SQL_REPO] 更新任务: task_import_cable_force_information
2025-10-29 13:57:01,023 - INFO - [SQL_REPO] 插入 5 个任务步骤
2025-10-29 13:57:01,023 - INFO - ✓ 任务 task_import_cable_force_information 导入成功
2025-10-29 13:57:01,024 - INFO - 正在导入: task_import_measurement_parameter.json
2025-10-29 13:57:01,026 - INFO - [SQL_REPO] 更新任务: task_import_measurement_parameter
2025-10-29 13:57:01,035 - INFO - [SQL_REPO] 插入 4 个任务步骤
2025-10-29 13:57:01,035 - INFO - ✓ 任务 task_import_measurement_parameter 导入成功
2025-10-29 13:57:01,035 - INFO - 正在导入: task_import_model.json
2025-10-29 13:57:01,038 - INFO - [SQL_REPO] 更新任务: task_import_model
2025-10-29 13:57:01,047 - INFO - [SQL_REPO] 插入 4 个任务步骤
2025-10-29 13:57:01,047 - INFO - ✓ 任务 task_import_model 导入成功
2025-10-29 13:57:01,047 - INFO - 正在导入: task_import_test_point.json
2025-10-29 13:57:01,050 - INFO - [SQL_REPO] 更新任务: task_import_test_point
2025-10-29 13:57:01,058 - INFO - [SQL_REPO] 插入 4 个任务步骤
2025-10-29 13:57:01,058 - INFO - ✓ 任务 task_import_test_point 导入成功
2025-10-29 13:57:01,058 - INFO - 正在导入: task_material_property_calculation.json
2025-10-29 13:57:01,060 - INFO - [SQL_REPO] 更新任务: task_material_property_calculation
2025-10-29 13:57:01,073 - INFO - [SQL_REPO] 插入 3 个任务步骤
2025-10-29 13:57:01,073 - INFO - ✓ 任务 task_material_property_calculation 导入成功
2025-10-29 13:57:01,074 - INFO - 正在导入: task_mirror_object.json
2025-10-29 13:57:01,076 - INFO - [SQL_REPO] 更新任务: task_copy_object
2025-10-29 13:57:01,085 - INFO - [SQL_REPO] 插入 5 个任务步骤
2025-10-29 13:57:01,086 - INFO - ✓ 任务 task_copy_object 导入成功
2025-10-29 13:57:01,086 - INFO - 正在导入: task_modal_animation_controls.json
2025-10-29 13:57:01,090 - INFO - [SQL_REPO] 更新任务: task_modal_animation_controls
2025-10-29 13:57:01,100 - INFO - [SQL_REPO] 插入 6 个任务步骤
2025-10-29 13:57:01,100 - INFO - ✓ 任务 task_modal_animation_controls 导入成功
2025-10-29 13:57:01,100 - INFO - 正在导入: task_modal_animation_display.json
2025-10-29 13:57:01,102 - INFO - [SQL_REPO] 更新任务: task_modal_animation_display
2025-10-29 13:57:01,109 - INFO - [SQL_REPO] 插入 3 个任务步骤
2025-10-29 13:57:01,109 - INFO - ✓ 任务 task_modal_animation_display 导入成功
2025-10-29 13:57:01,110 - INFO - 正在导入: task_modal_verification.json
2025-10-29 13:57:01,112 - INFO - [SQL_REPO] 更新任务: task_modal_verification
2025-10-29 13:57:01,127 - INFO - [SQL_REPO] 插入 4 个任务步骤
2025-10-29 13:57:01,127 - INFO - ✓ 任务 task_modal_verification 导入成功
2025-10-29 13:57:01,127 - INFO - 正在导入: task_modify_algorithm.json
2025-10-29 13:57:01,132 - INFO - [SQL_REPO] 更新任务: task_modify_algorithm
2025-10-29 13:57:01,145 - INFO - [SQL_REPO] 插入 5 个任务步骤
2025-10-29 13:57:01,145 - INFO - ✓ 任务 task_modify_algorithm 导入成功
2025-10-29 13:57:01,145 - INFO - 正在导入: task_modify_channel_params.json
2025-10-29 13:57:01,148 - INFO - [SQL_REPO] 更新任务: task_modify_channel_params
2025-10-29 13:57:01,155 - INFO - [SQL_REPO] 插入 4 个任务步骤
2025-10-29 13:57:01,155 - INFO - ✓ 任务 task_modify_channel_params 导入成功
2025-10-29 13:57:01,155 - INFO - 正在导入: task_new_cable_force_analysis.json
2025-10-29 13:57:01,157 - INFO - [SQL_REPO] 更新任务: task_new_cable_force_analysis
2025-10-29 13:57:01,173 - INFO - [SQL_REPO] 插入 4 个任务步骤
2025-10-29 13:57:01,173 - INFO - ✓ 任务 task_new_cable_force_analysis 导入成功
2025-10-29 13:57:01,174 - INFO - 正在导入: task_new_model.json
2025-10-29 13:57:01,175 - INFO - [SQL_REPO] 更新任务: task_new_model
2025-10-29 13:57:01,183 - INFO - [SQL_REPO] 插入 4 个任务步骤
2025-10-29 13:57:01,184 - INFO - ✓ 任务 task_new_model 导入成功
2025-10-29 13:57:01,184 - INFO - 正在导入: task_new_order_analysis.json
2025-10-29 13:57:01,188 - INFO - [SQL_REPO] 更新任务: task_new_cable_force_analysis
2025-10-29 13:57:01,199 - INFO - [SQL_REPO] 插入 4 个任务步骤
2025-10-29 13:57:01,200 - INFO - ✓ 任务 task_new_cable_force_analysis 导入成功
2025-10-29 13:57:01,200 - INFO - 正在导入: task_new_project.json
2025-10-29 13:57:01,203 - INFO - [SQL_REPO] 更新任务: task_project_management
2025-10-29 13:57:01,211 - INFO - [SQL_REPO] 插入 3 个任务步骤
2025-10-29 13:57:01,211 - INFO - ✓ 任务 task_project_management 导入成功
2025-10-29 13:57:01,211 - INFO - 正在导入: task_new_test_point.json
2025-10-29 13:57:01,214 - INFO - [SQL_REPO] 更新任务: task_new_test_point
2025-10-29 13:57:01,223 - INFO - [SQL_REPO] 插入 4 个任务步骤
2025-10-29 13:57:01,224 - INFO - ✓ 任务 task_new_test_point 导入成功
2025-10-29 13:57:01,224 - INFO - 正在导入: task_open_project.json
2025-10-29 13:57:01,226 - INFO - [SQL_REPO] 更新任务: task_open_project
2025-10-29 13:57:01,234 - INFO - [SQL_REPO] 插入 3 个任务步骤
2025-10-29 13:57:01,235 - INFO - ✓ 任务 task_open_project 导入成功
2025-10-29 13:57:01,235 - INFO - 正在导入: task_paste_measurement_channel.json
2025-10-29 13:57:01,238 - INFO - [SQL_REPO] 更新任务: task_paste_measurement_channel
2025-10-29 13:57:01,247 - INFO - [SQL_REPO] 插入 5 个任务步骤
2025-10-29 13:57:01,247 - INFO - ✓ 任务 task_paste_measurement_channel 导入成功
2025-10-29 13:57:01,247 - INFO - 正在导入: task_paste_measurement_parameter.json
2025-10-29 13:57:01,249 - INFO - [SQL_REPO] 更新任务: task_paste_measurement_parameter
2025-10-29 13:57:01,256 - INFO - [SQL_REPO] 插入 4 个任务步骤
2025-10-29 13:57:01,256 - INFO - ✓ 任务 task_paste_measurement_parameter 导入成功
2025-10-29 13:57:01,256 - INFO - 正在导入: task_print_data.json
2025-10-29 13:57:01,260 - INFO - [SQL_REPO] 更新任务: task_print_data
2025-10-29 13:57:01,271 - INFO - [SQL_REPO] 插入 4 个任务步骤
2025-10-29 13:57:01,271 - INFO - ✓ 任务 task_print_data 导入成功
2025-10-29 13:57:01,271 - INFO - 正在导入: task_project_Automatic_naming.json
2025-10-29 13:57:01,274 - INFO - [SQL_REPO] 更新任务: task_project_Automatic_naming
2025-10-29 13:57:01,280 - INFO - [SQL_REPO] 插入 4 个任务步骤
2025-10-29 13:57:01,280 - INFO - ✓ 任务 task_project_Automatic_naming 导入成功
2025-10-29 13:57:01,281 - INFO - 正在导入: task_quick_output.json
2025-10-29 13:57:01,284 - INFO - [SQL_REPO] 更新任务: task_quick_output
2025-10-29 13:57:01,294 - INFO - [SQL_REPO] 插入 4 个任务步骤
2025-10-29 13:57:01,294 - INFO - ✓ 任务 task_quick_output 导入成功
2025-10-29 13:57:01,294 - INFO - 正在导入: task_rainflow_analysis.json
2025-10-29 13:57:01,297 - INFO - [SQL_REPO] 更新任务: task_rainflow_analysis
2025-10-29 13:57:01,306 - INFO - [SQL_REPO] 插入 5 个任务步骤
2025-10-29 13:57:01,306 - INFO - ✓ 任务 task_rainflow_analysis 导入成功
2025-10-29 13:57:01,306 - INFO - 正在导入: task_realtime_measurement.json
2025-10-29 13:57:01,309 - INFO - [SQL_REPO] 更新任务: task_realtime_measurement
2025-10-29 13:57:01,320 - INFO - [SQL_REPO] 插入 5 个任务步骤
2025-10-29 13:57:01,321 - INFO - ✓ 任务 task_realtime_measurement 导入成功
2025-10-29 13:57:01,321 - INFO - 正在导入: task_realtime_signal_processing.json
2025-10-29 13:57:01,323 - INFO - [SQL_REPO] 更新任务: task_realtime_signal_processing
2025-10-29 13:57:01,334 - INFO - [SQL_REPO] 插入 3 个任务步骤
2025-10-29 13:57:01,335 - INFO - ✓ 任务 task_realtime_signal_processing 导入成功
2025-10-29 13:57:01,335 - INFO - 正在导入: task_recorder_display.json
2025-10-29 13:57:01,338 - INFO - [SQL_REPO] 更新任务: task_recorder_display
2025-10-29 13:57:01,347 - INFO - [SQL_REPO] 插入 3 个任务步骤
2025-10-29 13:57:01,347 - INFO - ✓ 任务 task_recorder_display 导入成功
2025-10-29 13:57:01,348 - INFO - 正在导入: task_rename_measurement_parameter.json
2025-10-29 13:57:01,350 - INFO - [SQL_REPO] 更新任务: task_rename_measurement_parameter
2025-10-29 13:57:01,356 - INFO - [SQL_REPO] 插入 4 个任务步骤
2025-10-29 13:57:01,357 - INFO - ✓ 任务 task_rename_measurement_parameter 导入成功
2025-10-29 13:57:01,357 - INFO - 正在导入: task_rename_project.json
2025-10-29 13:57:01,359 - INFO - [SQL_REPO] 更新任务: task_rename_project
2025-10-29 13:57:01,371 - INFO - [SQL_REPO] 插入 2 个任务步骤
2025-10-29 13:57:01,371 - INFO - ✓ 任务 task_rename_project 导入成功
2025-10-29 13:57:01,371 - INFO - 正在导入: task_rotate_object.json
2025-10-29 13:57:01,374 - INFO - [SQL_REPO] 更新任务: task_rotate_object
2025-10-29 13:57:01,383 - INFO - [SQL_REPO] 插入 5 个任务步骤
2025-10-29 13:57:01,383 - INFO - ✓ 任务 task_rotate_object 导入成功
2025-10-29 13:57:01,384 - INFO - 正在导入: task_select_sampling_frequency.json
2025-10-29 13:57:01,387 - INFO - [SQL_REPO] 更新任务: task_select_sampling_frequency
2025-10-29 13:57:01,396 - INFO - [SQL_REPO] 插入 4 个任务步骤
2025-10-29 13:57:01,397 - INFO - ✓ 任务 task_select_sampling_frequency 导入成功
2025-10-29 13:57:01,397 - INFO - 正在导入: task_set_channel_table.json
2025-10-29 13:57:01,398 - INFO - [SQL_REPO] 更新任务: task_set_channel_table
2025-10-29 13:57:01,405 - INFO - [SQL_REPO] 插入 3 个任务步骤
2025-10-29 13:57:01,405 - INFO - ✓ 任务 task_set_channel_table 导入成功
2025-10-29 13:57:01,405 - INFO - 正在导入: task_set_measurement_channels.json
2025-10-29 13:57:01,407 - INFO - [SQL_REPO] 更新任务: task_set_measurement_channels
2025-10-29 13:57:01,417 - INFO - [SQL_REPO] 插入 3 个任务步骤
2025-10-29 13:57:01,417 - INFO - ✓ 任务 task_set_measurement_channels 导入成功
2025-10-29 13:57:01,418 - INFO - 正在导入: task_set_storage_method.json
2025-10-29 13:57:01,421 - INFO - [SQL_REPO] 更新任务: task_set_storage_rules
2025-10-29 13:57:01,432 - INFO - [SQL_REPO] 插入 3 个任务步骤
2025-10-29 13:57:01,433 - INFO - ✓ 任务 task_set_storage_rules 导入成功
2025-10-29 13:57:01,433 - INFO - 正在导入: task_set_storage_path.json
2025-10-29 13:57:01,438 - INFO - [SQL_REPO] 更新任务: task_set_storage_rules
2025-10-29 13:57:01,450 - INFO - [SQL_REPO] 插入 3 个任务步骤
2025-10-29 13:57:01,450 - INFO - ✓ 任务 task_set_storage_rules 导入成功
2025-10-29 13:57:01,451 - INFO - 正在导入: task_set_test_name.json
2025-10-29 13:57:01,452 - INFO - [SQL_REPO] 更新任务: task_set_storage_rules
2025-10-29 13:57:01,464 - INFO - [SQL_REPO] 插入 3 个任务步骤
2025-10-29 13:57:01,465 - INFO - ✓ 任务 task_set_storage_rules 导入成功
2025-10-29 13:57:01,465 - INFO - 正在导入: task_set_vehicle_ride_comfort.json
2025-10-29 13:57:01,469 - INFO - [SQL_REPO] 更新任务: task_set_vehicle_ride_comfort
2025-10-29 13:57:01,480 - INFO - [SQL_REPO] 插入 3 个任务步骤
2025-10-29 13:57:01,480 - INFO - ✓ 任务 task_set_vehicle_ride_comfort 导入成功
2025-10-29 13:57:01,480 - INFO - 正在导入: task_shape_comparison.json
2025-10-29 13:57:01,485 - INFO - [SQL_REPO] 更新任务: task_shape_comparison
2025-10-29 13:57:01,496 - INFO - [SQL_REPO] 插入 3 个任务步骤
2025-10-29 13:57:01,496 - INFO - ✓ 任务 task_shape_comparison 导入成功
2025-10-29 13:57:01,496 - INFO - 正在导入: task_signal_add_spectrum_analysis.json
2025-10-29 13:57:01,498 - INFO - [SQL_REPO] 更新任务: task_signal_add_spectrum_analysis
2025-10-29 13:57:01,510 - INFO - [SQL_REPO] 插入 4 个任务步骤
2025-10-29 13:57:01,510 - INFO - ✓ 任务 task_signal_add_spectrum_analysis 导入成功
2025-10-29 13:57:01,511 - INFO - 正在导入: task_signal_delete_spectrum_analysis.json
2025-10-29 13:57:01,515 - INFO - [SQL_REPO] 更新任务: task_signal_delete_spectrum_analysis
2025-10-29 13:57:01,527 - INFO - [SQL_REPO] 插入 5 个任务步骤
2025-10-29 13:57:01,527 - INFO - ✓ 任务 task_signal_delete_spectrum_analysis 导入成功
2025-10-29 13:57:01,527 - INFO - 正在导入: task_signal_selection.json
2025-10-29 13:57:01,532 - INFO - [SQL_REPO] 更新任务: task_signal_selection
2025-10-29 13:57:01,546 - INFO - [SQL_REPO] 插入 4 个任务步骤
2025-10-29 13:57:01,546 - INFO - ✓ 任务 task_signal_selection 导入成功
2025-10-29 13:57:01,547 - INFO - 正在导入: task_signal_set_spectrum_analysis.json
2025-10-29 13:57:01,549 - INFO - [SQL_REPO] 更新任务: task_signal_set_spectrum_analysis
2025-10-29 13:57:01,556 - INFO - [SQL_REPO] 插入 4 个任务步骤
2025-10-29 13:57:01,557 - INFO - ✓ 任务 task_signal_set_spectrum_analysis 导入成功
2025-10-29 13:57:01,557 - INFO - 正在导入: task_sound_intensity_analysis_setup.json
2025-10-29 13:57:01,559 - INFO - [SQL_REPO] 更新任务: task_sound_intensity_analysis_setup
2025-10-29 13:57:01,566 - INFO - [SQL_REPO] 插入 6 个任务步骤
2025-10-29 13:57:01,567 - INFO - ✓ 任务 task_sound_intensity_analysis_setup 导入成功
2025-10-29 13:57:01,567 - INFO - 正在导入: task_split_line.json
2025-10-29 13:57:01,569 - INFO - [SQL_REPO] 更新任务: task_split_line
2025-10-29 13:57:01,577 - INFO - [SQL_REPO] 插入 5 个任务步骤
2025-10-29 13:57:01,577 - INFO - ✓ 任务 task_split_line 导入成功
2025-10-29 13:57:01,577 - INFO - 正在导入: task_stretch_object.json
2025-10-29 13:57:01,579 - INFO - [SQL_REPO] 更新任务: task_stretch_object
2025-10-29 13:57:01,585 - INFO - [SQL_REPO] 插入 5 个任务步骤
2025-10-29 13:57:01,586 - INFO - ✓ 任务 task_stretch_object 导入成功
2025-10-29 13:57:01,586 - INFO - 正在导入: task_use_envelope_analysis.json
2025-10-29 13:57:01,587 - INFO - [SQL_REPO] 更新任务: task_use_envelope_analysis
2025-10-29 13:57:01,594 - INFO - [SQL_REPO] 插入 4 个任务步骤
2025-10-29 13:57:01,594 - INFO - ✓ 任务 task_use_envelope_analysis 导入成功
2025-10-29 13:57:01,594 - INFO - 正在导入: task_use_rotor_balancer.json
2025-10-29 13:57:01,596 - INFO - [SQL_REPO] 更新任务: task_rotor_balancer
2025-10-29 13:57:01,603 - INFO - [SQL_REPO] 插入 3 个任务步骤
2025-10-29 13:57:01,603 - INFO - ✓ 任务 task_rotor_balancer 导入成功
2025-10-29 13:57:01,604 - INFO - 正在导入: task_view_analysis_channel_info.json
2025-10-29 13:57:01,607 - INFO - [SQL_REPO] 更新任务: task_view_analysis_channel_info
2025-10-29 13:57:01,614 - INFO - [SQL_REPO] 插入 3 个任务步骤
2025-10-29 13:57:01,614 - INFO - ✓ 任务 task_view_analysis_channel_info 导入成功
2025-10-29 13:57:01,614 - INFO - 正在导入: task_view_analysis_interface.json
2025-10-29 13:57:01,616 - INFO - [SQL_REPO] 更新任务: task_view_analysis_interface
2025-10-29 13:57:01,624 - INFO - [SQL_REPO] 插入 2 个任务步骤
2025-10-29 13:57:01,625 - INFO - ✓ 任务 task_view_analysis_interface 导入成功
2025-10-29 13:57:01,625 - INFO - 正在导入: task_view_data_management_interface.json
2025-10-29 13:57:01,627 - INFO - [SQL_REPO] 更新任务: task_view_data_management_interface
2025-10-29 13:57:01,633 - INFO - [SQL_REPO] 插入 2 个任务步骤
2025-10-29 13:57:01,633 - INFO - ✓ 任务 task_view_data_management_interface 导入成功
2025-10-29 13:57:01,634 - INFO - 正在导入: task_view_events.json
2025-10-29 13:57:01,635 - INFO - [SQL_REPO] 更新任务: task_view_events
2025-10-29 13:57:01,642 - INFO - [SQL_REPO] 插入 2 个任务步骤
2025-10-29 13:57:01,642 - INFO - ✓ 任务 task_view_events 导入成功
2025-10-29 13:57:01,643 - INFO - 正在导入: task_view_event_interface.json
2025-10-29 13:57:01,644 - INFO - [SQL_REPO] 更新任务: task_view_event_interface
2025-10-29 13:57:01,653 - INFO - [SQL_REPO] 插入 2 个任务步骤
2025-10-29 13:57:01,653 - INFO - ✓ 任务 task_view_event_interface 导入成功
2025-10-29 13:57:01,653 - INFO - 正在导入: task_view_output_interface.json
2025-10-29 13:57:01,655 - INFO - [SQL_REPO] 更新任务: task_view_output_interface
2025-10-29 13:57:01,662 - INFO - [SQL_REPO] 插入 2 个任务步骤
2025-10-29 13:57:01,662 - INFO - ✓ 任务 task_view_output_interface 导入成功
2025-10-29 13:57:01,662 - INFO - 正在导入: task_view_param_settings.json
2025-10-29 13:57:01,664 - INFO - [SQL_REPO] 更新任务: task_view_param_settings
2025-10-29 13:57:01,671 - INFO - [SQL_REPO] 插入 2 个任务步骤
2025-10-29 13:57:01,671 - INFO - ✓ 任务 task_view_param_settings 导入成功
2025-10-29 13:57:01,671 - INFO - 正在导入: task_view_print_interface.json
2025-10-29 13:57:01,673 - INFO - [SQL_REPO] 更新任务: task_view_print_interface
2025-10-29 13:57:01,680 - INFO - [SQL_REPO] 插入 2 个任务步骤
2025-10-29 13:57:01,680 - INFO - ✓ 任务 task_view_print_interface 导入成功
2025-10-29 13:57:01,681 - INFO - 正在导入: task_view_signal_processing_analysis.json
2025-10-29 13:57:01,685 - INFO - [SQL_REPO] 更新任务: task_view_signal_processing_analysis
2025-10-29 13:57:01,693 - INFO - [SQL_REPO] 插入 2 个任务步骤
2025-10-29 13:57:01,694 - INFO - ✓ 任务 task_view_signal_processing_analysis 导入成功
2025-10-29 13:57:01,694 - INFO - 正在导入: task_wavelet_analysis.json
2025-10-29 13:57:01,695 - INFO - [SQL_REPO] 更新任务: task_wavelet_analysis
2025-10-29 13:57:01,703 - INFO - [SQL_REPO] 插入 4 个任务步骤
2025-10-29 13:57:01,704 - INFO - ✓ 任务 task_wavelet_analysis 导入成功
2025-10-29 13:57:01,704 - INFO - 任务数据导入完成: 101/101 成功
2025-10-29 13:57:01,704 - INFO - ============================================================
2025-10-29 13:57:01,704 - INFO - ✓ 任务数据导入完成！
2025-10-29 13:57:01,704 - INFO - ✓ 您的 AI 助手现在可以提供任务引导服务
2025-10-29 13:57:01,704 - INFO - 
关键任务已导入:
2025-10-29 13:57:01,704 - INFO - - task_signal_add_spectrum_analysis: 添加分析方法进行信号处理
2025-10-29 13:57:01,704 - INFO - - task_realtime_signal_processing: 实时信号处理
2025-10-29 13:57:01,704 - INFO - - task_full_fft_analysis: FFT分析任务
2025-10-29 13:57:01,705 - INFO - ============================================================
2025-10-29 14:01:50,920 - INFO - [TASK_IMPORTER] 初始化完成
2025-10-29 14:01:50,920 - INFO - [TASK_IMPORTER] 数据目录: C:\Donghua\ai_assistant_tool\backend\data
2025-10-29 14:01:50,920 - INFO - [TASK_IMPORTER] 初始数据目录: C:\Donghua\ai_assistant_tool\backend\data\initial_data
2025-10-29 14:01:50,921 - INFO - [TASK_IMPORTER] 图片目录: C:\Donghua\ai_assistant_tool\backend\data\images
2025-10-29 14:01:50,921 - INFO - ============================================================
2025-10-29 14:01:50,921 - INFO - AI 助手任务数据导入工具
2025-10-29 14:01:50,921 - INFO - ============================================================
2025-10-29 14:01:50,921 - INFO - 检查 PostgreSQL 连接...
2025-10-29 14:01:50,960 - INFO - ✓ PostgreSQL 连接成功
2025-10-29 14:01:50,960 - INFO - 初始化 PostgreSQL 数据库...
2025-10-29 14:01:50,960 - INFO - [SQL_REPO] 正在初始化数据库: postgresql://postgres:password@localhost:5432/ai_assistant
2025-10-29 14:01:51,031 - INFO - [SQL_REPO] ✓ 数据库初始化成功
2025-10-29 14:01:51,031 - INFO - 开始任务数据导入...
2025-10-29 14:01:51,031 - INFO - 开始导入任务数据...
2025-10-29 14:01:51,032 - INFO - 找到 101 个任务文件
2025-10-29 14:01:51,032 - INFO - 正在导入: task_2d_graph_display.json
2025-10-29 14:01:51,040 - INFO - [SQL_REPO] 更新任务: task_2d_graph_display
2025-10-29 14:01:51,048 - INFO - [SQL_REPO] 插入 3 个任务步骤
2025-10-29 14:01:51,048 - INFO - ✓ 任务 task_2d_graph_display 导入成功
2025-10-29 14:01:51,048 - INFO - 正在导入: task_acoustic_array_settings.json
2025-10-29 14:01:51,050 - INFO - [SQL_REPO] 更新任务: task_acoustic_array_settings
2025-10-29 14:01:51,054 - INFO - [SQL_REPO] 插入 4 个任务步骤
2025-10-29 14:01:51,055 - INFO - ✓ 任务 task_acoustic_array_settings 导入成功
2025-10-29 14:01:51,055 - INFO - 正在导入: task_acoustic_power_setup.json
2025-10-29 14:01:51,056 - INFO - [SQL_REPO] 更新任务: task_acoustic_power_setup
2025-10-29 14:01:51,063 - INFO - [SQL_REPO] 插入 4 个任务步骤
2025-10-29 14:01:51,063 - INFO - ✓ 任务 task_acoustic_power_setup 导入成功
2025-10-29 14:01:51,063 - INFO - 正在导入: task_acoustic_sound_pressure_setup.json
2025-10-29 14:01:51,069 - INFO - [SQL_REPO] 更新任务: task_acoustic_sound_pressure_setup
2025-10-29 14:01:51,078 - INFO - [SQL_REPO] 插入 6 个任务步骤
2025-10-29 14:01:51,079 - INFO - ✓ 任务 task_acoustic_sound_pressure_setup 导入成功
2025-10-29 14:01:51,079 - INFO - 正在导入: task_activate_test.json
2025-10-29 14:01:51,081 - INFO - [SQL_REPO] 更新任务: task_activate_test
2025-10-29 14:01:51,085 - INFO - [SQL_REPO] 插入 4 个任务步骤
2025-10-29 14:01:51,085 - INFO - ✓ 任务 task_activate_test 导入成功
2025-10-29 14:01:51,085 - INFO - 正在导入: task_add_cable_force_information.json
2025-10-29 14:01:51,087 - INFO - [SQL_REPO] 更新任务: task_add_cable_force_information
2025-10-29 14:01:51,092 - INFO - [SQL_REPO] 插入 4 个任务步骤
2025-10-29 14:01:51,093 - INFO - ✓ 任务 task_add_cable_force_information 导入成功
2025-10-29 14:01:51,093 - INFO - 正在导入: task_add_line.json
2025-10-29 14:01:51,095 - INFO - [SQL_REPO] 更新任务: task_add_line
2025-10-29 14:01:51,102 - INFO - [SQL_REPO] 插入 5 个任务步骤
2025-10-29 14:01:51,102 - INFO - ✓ 任务 task_add_line 导入成功
2025-10-29 14:01:51,103 - INFO - 正在导入: task_add_plane.json
2025-10-29 14:01:51,105 - INFO - [SQL_REPO] 更新任务: task_add_plane
2025-10-29 14:01:51,109 - INFO - [SQL_REPO] 插入 5 个任务步骤
2025-10-29 14:01:51,109 - INFO - ✓ 任务 task_add_plane 导入成功
2025-10-29 14:01:51,109 - INFO - 正在导入: task_add_point.json
2025-10-29 14:01:51,111 - INFO - [SQL_REPO] 更新任务: task_add_point
2025-10-29 14:01:51,115 - INFO - [SQL_REPO] 插入 5 个任务步骤
2025-10-29 14:01:51,116 - INFO - ✓ 任务 task_add_point 导入成功
2025-10-29 14:01:51,116 - INFO - 正在导入: task_add_substructure.json
2025-10-29 14:01:51,118 - INFO - [SQL_REPO] 更新任务: task_add_substructure
2025-10-29 14:01:51,122 - INFO - [SQL_REPO] 插入 4 个任务步骤
2025-10-29 14:01:51,122 - INFO - ✓ 任务 task_add_substructure 导入成功
2025-10-29 14:01:51,122 - INFO - 正在导入: task_analysis_report.json
2025-10-29 14:01:51,124 - INFO - [SQL_REPO] 更新任务: task_analysis_report
2025-10-29 14:01:51,131 - INFO - [SQL_REPO] 插入 4 个任务步骤
2025-10-29 14:01:51,131 - INFO - ✓ 任务 task_analysis_report 导入成功
2025-10-29 14:01:51,131 - INFO - 正在导入: task_automatic_modeling.json
2025-10-29 14:01:51,135 - INFO - [SQL_REPO] 更新任务: task_automatic_modeling
2025-10-29 14:01:51,144 - INFO - [SQL_REPO] 插入 4 个任务步骤
2025-10-29 14:01:51,144 - INFO - ✓ 任务 task_automatic_modeling 导入成功
2025-10-29 14:01:51,144 - INFO - 正在导入: task_auto_generate_point_number.json
2025-10-29 14:01:51,147 - INFO - [SQL_REPO] 更新任务: task_auto_generate_point_number
2025-10-29 14:01:51,153 - INFO - [SQL_REPO] 插入 4 个任务步骤
2025-10-29 14:01:51,153 - INFO - ✓ 任务 task_auto_generate_point_number 导入成功
2025-10-29 14:01:51,154 - INFO - 正在导入: task_change_animation_amplitude.json
2025-10-29 14:01:51,156 - INFO - [SQL_REPO] 更新任务: task_change_animation_amplitude
2025-10-29 14:01:51,163 - INFO - [SQL_REPO] 插入 3 个任务步骤
2025-10-29 14:01:51,163 - INFO - ✓ 任务 task_change_animation_amplitude 导入成功
2025-10-29 14:01:51,164 - INFO - 正在导入: task_change_animation_speed.json
2025-10-29 14:01:51,169 - INFO - [SQL_REPO] 更新任务: task_change_animation_speed
2025-10-29 14:01:51,177 - INFO - [SQL_REPO] 插入 3 个任务步骤
2025-10-29 14:01:51,177 - INFO - ✓ 任务 task_change_animation_speed 导入成功
2025-10-29 14:01:51,177 - INFO - 正在导入: task_channel_characteristics_settings.json
2025-10-29 14:01:51,179 - INFO - [SQL_REPO] 更新任务: task_set_channel_characteristics
2025-10-29 14:01:51,191 - INFO - [SQL_REPO] 插入 5 个任务步骤
2025-10-29 14:01:51,191 - INFO - ✓ 任务 task_set_channel_characteristics 导入成功
2025-10-29 14:01:51,191 - INFO - 正在导入: task_channel_grouping.json
2025-10-29 14:01:51,194 - INFO - [SQL_REPO] 更新任务: task_channel_grouping
2025-10-29 14:01:51,199 - INFO - [SQL_REPO] 插入 5 个任务步骤
2025-10-29 14:01:51,200 - INFO - ✓ 任务 task_channel_grouping 导入成功
2025-10-29 14:01:51,200 - INFO - 正在导入: task_channel_table_switch.json
2025-10-29 14:01:51,202 - INFO - [SQL_REPO] 更新任务: task_channel_table_switch
2025-10-29 14:01:51,207 - INFO - [SQL_REPO] 插入 4 个任务步骤
2025-10-29 14:01:51,207 - INFO - ✓ 任务 task_channel_table_switch 导入成功
2025-10-29 14:01:51,207 - INFO - 正在导入: task_clear_point_number.json
2025-10-29 14:01:51,210 - INFO - [SQL_REPO] 更新任务: task_clear_point_number
2025-10-29 14:01:51,221 - INFO - [SQL_REPO] 插入 4 个任务步骤
2025-10-29 14:01:51,222 - INFO - ✓ 任务 task_clear_point_number 导入成功
2025-10-29 14:01:51,222 - INFO - 正在导入: task_copy_measurement_channel.json
2025-10-29 14:01:51,225 - INFO - [SQL_REPO] 更新任务: task_copy_measurement_channel
2025-10-29 14:01:51,235 - INFO - [SQL_REPO] 插入 5 个任务步骤
2025-10-29 14:01:51,235 - INFO - ✓ 任务 task_copy_measurement_channel 导入成功
2025-10-29 14:01:51,235 - INFO - 正在导入: task_copy_measurement_parameter.json
2025-10-29 14:01:51,238 - INFO - [SQL_REPO] 更新任务: task_copy_measurement_parameter
2025-10-29 14:01:51,243 - INFO - [SQL_REPO] 插入 4 个任务步骤
2025-10-29 14:01:51,244 - INFO - ✓ 任务 task_copy_measurement_parameter 导入成功
2025-10-29 14:01:51,244 - INFO - 正在导入: task_copy_object.json
2025-10-29 14:01:51,246 - INFO - [SQL_REPO] 更新任务: task_mirror_object
2025-10-29 14:01:51,250 - INFO - [SQL_REPO] 插入 5 个任务步骤
2025-10-29 14:01:51,251 - INFO - ✓ 任务 task_mirror_object 导入成功
2025-10-29 14:01:51,251 - INFO - 正在导入: task_cut_measurement_parameter.json
2025-10-29 14:01:51,253 - INFO - [SQL_REPO] 更新任务: task_cut_measurement_parameter
2025-10-29 14:01:51,257 - INFO - [SQL_REPO] 插入 4 个任务步骤
2025-10-29 14:01:51,257 - INFO - ✓ 任务 task_cut_measurement_parameter 导入成功
2025-10-29 14:01:51,258 - INFO - 正在导入: task_data_output.json
2025-10-29 14:01:51,259 - INFO - [SQL_REPO] 更新任务: task_data_output
2025-10-29 14:01:51,264 - INFO - [SQL_REPO] 插入 4 个任务步骤
2025-10-29 14:01:51,265 - INFO - ✓ 任务 task_data_output 导入成功
2025-10-29 14:01:51,265 - INFO - 正在导入: task_data_replay.json
2025-10-29 14:01:51,267 - INFO - [SQL_REPO] 更新任务: task_data_replay
2025-10-29 14:01:51,272 - INFO - [SQL_REPO] 插入 4 个任务步骤
2025-10-29 14:01:51,272 - INFO - ✓ 任务 task_data_replay 导入成功
2025-10-29 14:01:51,272 - INFO - 正在导入: task_delete_cable_force_analysis.json
2025-10-29 14:01:51,274 - INFO - [SQL_REPO] 更新任务: task_delete_cable_force_analysis
2025-10-29 14:01:51,278 - INFO - [SQL_REPO] 插入 4 个任务步骤
2025-10-29 14:01:51,279 - INFO - ✓ 任务 task_delete_cable_force_analysis 导入成功
2025-10-29 14:01:51,279 - INFO - 正在导入: task_delete_cable_force_information.json
2025-10-29 14:01:51,281 - INFO - [SQL_REPO] 更新任务: task_delete_cable_force_information
2025-10-29 14:01:51,290 - INFO - [SQL_REPO] 插入 5 个任务步骤
2025-10-29 14:01:51,290 - INFO - ✓ 任务 task_delete_cable_force_information 导入成功
2025-10-29 14:01:51,290 - INFO - 正在导入: task_delete_line.json
2025-10-29 14:01:51,293 - INFO - [SQL_REPO] 更新任务: task_delete_line
2025-10-29 14:01:51,298 - INFO - [SQL_REPO] 插入 6 个任务步骤
2025-10-29 14:01:51,298 - INFO - ✓ 任务 task_delete_line 导入成功
2025-10-29 14:01:51,298 - INFO - 正在导入: task_delete_measurement_parameter.json
2025-10-29 14:01:51,300 - INFO - [SQL_REPO] 更新任务: task_delete_measurement_parameter
2025-10-29 14:01:51,305 - INFO - [SQL_REPO] 插入 4 个任务步骤
2025-10-29 14:01:51,306 - INFO - ✓ 任务 task_delete_measurement_parameter 导入成功
2025-10-29 14:01:51,306 - INFO - 正在导入: task_delete_model.json
2025-10-29 14:01:51,309 - INFO - [SQL_REPO] 更新任务: task_delete_model
2025-10-29 14:01:51,315 - INFO - [SQL_REPO] 插入 4 个任务步骤
2025-10-29 14:01:51,316 - INFO - ✓ 任务 task_delete_model 导入成功
2025-10-29 14:01:51,316 - INFO - 正在导入: task_delete_order_analysis.json
2025-10-29 14:01:51,320 - INFO - [SQL_REPO] 更新任务: task_delete_order_analysis
2025-10-29 14:01:51,325 - INFO - [SQL_REPO] 插入 5 个任务步骤
2025-10-29 14:01:51,325 - INFO - ✓ 任务 task_delete_order_analysis 导入成功
2025-10-29 14:01:51,325 - INFO - 正在导入: task_delete_plane.json
2025-10-29 14:01:51,327 - INFO - [SQL_REPO] 更新任务: task_delete_plane
2025-10-29 14:01:51,332 - INFO - [SQL_REPO] 插入 6 个任务步骤
2025-10-29 14:01:51,333 - INFO - ✓ 任务 task_delete_plane 导入成功
2025-10-29 14:01:51,333 - INFO - 正在导入: task_delete_point.json
2025-10-29 14:01:51,337 - INFO - [SQL_REPO] 更新任务: task_delete_point
2025-10-29 14:01:51,342 - INFO - [SQL_REPO] 插入 6 个任务步骤
2025-10-29 14:01:51,343 - INFO - ✓ 任务 task_delete_point 导入成功
2025-10-29 14:01:51,343 - INFO - 正在导入: task_delete_project.json
2025-10-29 14:01:51,345 - INFO - [SQL_REPO] 更新任务: task_delete_project
2025-10-29 14:01:51,350 - INFO - [SQL_REPO] 插入 2 个任务步骤
2025-10-29 14:01:51,350 - INFO - ✓ 任务 task_delete_project 导入成功
2025-10-29 14:01:51,350 - INFO - 正在导入: task_delete_substructure.json
2025-10-29 14:01:51,352 - INFO - [SQL_REPO] 更新任务: task_delete_substructure
2025-10-29 14:01:51,357 - INFO - [SQL_REPO] 插入 4 个任务步骤
2025-10-29 14:01:51,357 - INFO - ✓ 任务 task_delete_substructure 导入成功
2025-10-29 14:01:51,357 - INFO - 正在导入: task_delete_test_point.json
2025-10-29 14:01:51,359 - INFO - [SQL_REPO] 更新任务: task_delete_test_point
2025-10-29 14:01:51,365 - INFO - [SQL_REPO] 插入 4 个任务步骤
2025-10-29 14:01:51,365 - INFO - ✓ 任务 task_delete_test_point 导入成功
2025-10-29 14:01:51,365 - INFO - 正在导入: task_edit_point_number.json
2025-10-29 14:01:51,369 - INFO - [SQL_REPO] 更新任务: task_edit_point_number
2025-10-29 14:01:51,375 - INFO - [SQL_REPO] 插入 3 个任务步骤
2025-10-29 14:01:51,375 - INFO - ✓ 任务 task_edit_point_number 导入成功
2025-10-29 14:01:51,376 - INFO - 正在导入: task_export_avi.json
2025-10-29 14:01:51,377 - INFO - [SQL_REPO] 更新任务: task_export_avi
2025-10-29 14:01:51,382 - INFO - [SQL_REPO] 插入 4 个任务步骤
2025-10-29 14:01:51,382 - INFO - ✓ 任务 task_export_avi 导入成功
2025-10-29 14:01:51,382 - INFO - 正在导入: task_export_cable_force_information.json
2025-10-29 14:01:51,384 - INFO - [SQL_REPO] 更新任务: task_export_cable_force_information
2025-10-29 14:01:51,390 - INFO - [SQL_REPO] 插入 5 个任务步骤
2025-10-29 14:01:51,390 - INFO - ✓ 任务 task_export_cable_force_information 导入成功
2025-10-29 14:01:51,390 - INFO - 正在导入: task_export_test_point.json
2025-10-29 14:01:51,392 - INFO - [SQL_REPO] 更新任务: task_export_test_point
2025-10-29 14:01:51,396 - INFO - [SQL_REPO] 插入 4 个任务步骤
2025-10-29 14:01:51,397 - INFO - ✓ 任务 task_export_test_point 导入成功
2025-10-29 14:01:51,397 - INFO - 正在导入: task_extend_object.json
2025-10-29 14:01:51,400 - INFO - [SQL_REPO] 更新任务: task_extend_object
2025-10-29 14:01:51,408 - INFO - [SQL_REPO] 插入 5 个任务步骤
2025-10-29 14:01:51,408 - INFO - ✓ 任务 task_extend_object 导入成功
2025-10-29 14:01:51,408 - INFO - 正在导入: task_fft_display.json
2025-10-29 14:01:51,410 - INFO - [SQL_REPO] 更新任务: task_fft_display
2025-10-29 14:01:51,415 - INFO - [SQL_REPO] 插入 3 个任务步骤
2025-10-29 14:01:51,415 - INFO - ✓ 任务 task_fft_display 导入成功
2025-10-29 14:01:51,415 - INFO - 正在导入: task_frame_by_frame_display.json
2025-10-29 14:01:51,417 - INFO - [SQL_REPO] 更新任务: task_frame_by_frame_display
2025-10-29 14:01:51,422 - INFO - [SQL_REPO] 插入 3 个任务步骤
2025-10-29 14:01:51,422 - INFO - ✓ 任务 task_frame_by_frame_display 导入成功
2025-10-29 14:01:51,422 - INFO - 正在导入: task_frequency_response_analysis_settings.json
2025-10-29 14:01:51,424 - INFO - [SQL_REPO] 更新任务: task_frequency_response_analysis_settings
2025-10-29 14:01:51,429 - INFO - [SQL_REPO] 插入 3 个任务步骤
2025-10-29 14:01:51,429 - INFO - ✓ 任务 task_frequency_response_analysis_settings 导入成功
2025-10-29 14:01:51,430 - INFO - 正在导入: task_full_fft_analysis.json
2025-10-29 14:01:51,432 - INFO - [SQL_REPO] 更新任务: task_full_fft_analysis
2025-10-29 14:01:51,442 - INFO - [SQL_REPO] 插入 6 个任务步骤
2025-10-29 14:01:51,442 - INFO - ✓ 任务 task_full_fft_analysis 导入成功
2025-10-29 14:01:51,442 - INFO - 正在导入: task_import_cable_force_information.json
2025-10-29 14:01:51,444 - INFO - [SQL_REPO] 更新任务: task_import_cable_force_information
2025-10-29 14:01:51,452 - INFO - [SQL_REPO] 插入 5 个任务步骤
2025-10-29 14:01:51,453 - INFO - ✓ 任务 task_import_cable_force_information 导入成功
2025-10-29 14:01:51,453 - INFO - 正在导入: task_import_measurement_parameter.json
2025-10-29 14:01:51,455 - INFO - [SQL_REPO] 更新任务: task_import_measurement_parameter
2025-10-29 14:01:51,460 - INFO - [SQL_REPO] 插入 4 个任务步骤
2025-10-29 14:01:51,461 - INFO - ✓ 任务 task_import_measurement_parameter 导入成功
2025-10-29 14:01:51,461 - INFO - 正在导入: task_import_model.json
2025-10-29 14:01:51,463 - INFO - [SQL_REPO] 更新任务: task_import_model
2025-10-29 14:01:51,467 - INFO - [SQL_REPO] 插入 4 个任务步骤
2025-10-29 14:01:51,467 - INFO - ✓ 任务 task_import_model 导入成功
2025-10-29 14:01:51,468 - INFO - 正在导入: task_import_test_point.json
2025-10-29 14:01:51,469 - INFO - [SQL_REPO] 更新任务: task_import_test_point
2025-10-29 14:01:51,477 - INFO - [SQL_REPO] 插入 4 个任务步骤
2025-10-29 14:01:51,477 - INFO - ✓ 任务 task_import_test_point 导入成功
2025-10-29 14:01:51,477 - INFO - 正在导入: task_material_property_calculation.json
2025-10-29 14:01:51,480 - INFO - [SQL_REPO] 更新任务: task_material_property_calculation
2025-10-29 14:01:51,489 - INFO - [SQL_REPO] 插入 3 个任务步骤
2025-10-29 14:01:51,490 - INFO - ✓ 任务 task_material_property_calculation 导入成功
2025-10-29 14:01:51,490 - INFO - 正在导入: task_mirror_object.json
2025-10-29 14:01:51,492 - INFO - [SQL_REPO] 更新任务: task_copy_object
2025-10-29 14:01:51,498 - INFO - [SQL_REPO] 插入 5 个任务步骤
2025-10-29 14:01:51,498 - INFO - ✓ 任务 task_copy_object 导入成功
2025-10-29 14:01:51,498 - INFO - 正在导入: task_modal_animation_controls.json
2025-10-29 14:01:51,500 - INFO - [SQL_REPO] 更新任务: task_modal_animation_controls
2025-10-29 14:01:51,507 - INFO - [SQL_REPO] 插入 6 个任务步骤
2025-10-29 14:01:51,507 - INFO - ✓ 任务 task_modal_animation_controls 导入成功
2025-10-29 14:01:51,507 - INFO - 正在导入: task_modal_animation_display.json
2025-10-29 14:01:51,509 - INFO - [SQL_REPO] 更新任务: task_modal_animation_display
2025-10-29 14:01:51,515 - INFO - [SQL_REPO] 插入 3 个任务步骤
2025-10-29 14:01:51,516 - INFO - ✓ 任务 task_modal_animation_display 导入成功
2025-10-29 14:01:51,516 - INFO - 正在导入: task_modal_verification.json
2025-10-29 14:01:51,521 - INFO - [SQL_REPO] 更新任务: task_modal_verification
2025-10-29 14:01:51,528 - INFO - [SQL_REPO] 插入 4 个任务步骤
2025-10-29 14:01:51,528 - INFO - ✓ 任务 task_modal_verification 导入成功
2025-10-29 14:01:51,528 - INFO - 正在导入: task_modify_algorithm.json
2025-10-29 14:01:51,531 - INFO - [SQL_REPO] 更新任务: task_modify_algorithm
2025-10-29 14:01:51,537 - INFO - [SQL_REPO] 插入 5 个任务步骤
2025-10-29 14:01:51,538 - INFO - ✓ 任务 task_modify_algorithm 导入成功
2025-10-29 14:01:51,538 - INFO - 正在导入: task_modify_channel_params.json
2025-10-29 14:01:51,540 - INFO - [SQL_REPO] 更新任务: task_modify_channel_params
2025-10-29 14:01:51,544 - INFO - [SQL_REPO] 插入 4 个任务步骤
2025-10-29 14:01:51,545 - INFO - ✓ 任务 task_modify_channel_params 导入成功
2025-10-29 14:01:51,545 - INFO - 正在导入: task_new_cable_force_analysis.json
2025-10-29 14:01:51,549 - INFO - [SQL_REPO] 更新任务: task_new_cable_force_analysis
2025-10-29 14:01:51,558 - INFO - [SQL_REPO] 插入 4 个任务步骤
2025-10-29 14:01:51,558 - INFO - ✓ 任务 task_new_cable_force_analysis 导入成功
2025-10-29 14:01:51,559 - INFO - 正在导入: task_new_model.json
2025-10-29 14:01:51,560 - INFO - [SQL_REPO] 更新任务: task_new_model
2025-10-29 14:01:51,567 - INFO - [SQL_REPO] 插入 4 个任务步骤
2025-10-29 14:01:51,567 - INFO - ✓ 任务 task_new_model 导入成功
2025-10-29 14:01:51,568 - INFO - 正在导入: task_new_order_analysis.json
2025-10-29 14:01:51,570 - INFO - [SQL_REPO] 更新任务: task_new_cable_force_analysis
2025-10-29 14:01:51,576 - INFO - [SQL_REPO] 插入 4 个任务步骤
2025-10-29 14:01:51,576 - INFO - ✓ 任务 task_new_cable_force_analysis 导入成功
2025-10-29 14:01:51,577 - INFO - 正在导入: task_new_project.json
2025-10-29 14:01:51,578 - INFO - [SQL_REPO] 更新任务: task_project_management
2025-10-29 14:01:51,582 - INFO - [SQL_REPO] 插入 3 个任务步骤
2025-10-29 14:01:51,582 - INFO - ✓ 任务 task_project_management 导入成功
2025-10-29 14:01:51,583 - INFO - 正在导入: task_new_test_point.json
2025-10-29 14:01:51,585 - INFO - [SQL_REPO] 更新任务: task_new_test_point
2025-10-29 14:01:51,596 - INFO - [SQL_REPO] 插入 4 个任务步骤
2025-10-29 14:01:51,596 - INFO - ✓ 任务 task_new_test_point 导入成功
2025-10-29 14:01:51,597 - INFO - 正在导入: task_open_project.json
2025-10-29 14:01:51,599 - INFO - [SQL_REPO] 更新任务: task_open_project
2025-10-29 14:01:51,604 - INFO - [SQL_REPO] 插入 3 个任务步骤
2025-10-29 14:01:51,605 - INFO - ✓ 任务 task_open_project 导入成功
2025-10-29 14:01:51,605 - INFO - 正在导入: task_paste_measurement_channel.json
2025-10-29 14:01:51,607 - INFO - [SQL_REPO] 更新任务: task_paste_measurement_channel
2025-10-29 14:01:51,612 - INFO - [SQL_REPO] 插入 5 个任务步骤
2025-10-29 14:01:51,613 - INFO - ✓ 任务 task_paste_measurement_channel 导入成功
2025-10-29 14:01:51,613 - INFO - 正在导入: task_paste_measurement_parameter.json
2025-10-29 14:01:51,617 - INFO - [SQL_REPO] 更新任务: task_paste_measurement_parameter
2025-10-29 14:01:51,624 - INFO - [SQL_REPO] 插入 4 个任务步骤
2025-10-29 14:01:51,624 - INFO - ✓ 任务 task_paste_measurement_parameter 导入成功
2025-10-29 14:01:51,624 - INFO - 正在导入: task_print_data.json
2025-10-29 14:01:51,627 - INFO - [SQL_REPO] 更新任务: task_print_data
2025-10-29 14:01:51,631 - INFO - [SQL_REPO] 插入 4 个任务步骤
2025-10-29 14:01:51,631 - INFO - ✓ 任务 task_print_data 导入成功
2025-10-29 14:01:51,632 - INFO - 正在导入: task_project_Automatic_naming.json
2025-10-29 14:01:51,633 - INFO - [SQL_REPO] 更新任务: task_project_Automatic_naming
2025-10-29 14:01:51,638 - INFO - [SQL_REPO] 插入 4 个任务步骤
2025-10-29 14:01:51,639 - INFO - ✓ 任务 task_project_Automatic_naming 导入成功
2025-10-29 14:01:51,639 - INFO - 正在导入: task_quick_output.json
2025-10-29 14:01:51,642 - INFO - [SQL_REPO] 更新任务: task_quick_output
2025-10-29 14:01:51,649 - INFO - [SQL_REPO] 插入 4 个任务步骤
2025-10-29 14:01:51,650 - INFO - ✓ 任务 task_quick_output 导入成功
2025-10-29 14:01:51,651 - INFO - 正在导入: task_rainflow_analysis.json
2025-10-29 14:01:51,655 - INFO - [SQL_REPO] 更新任务: task_rainflow_analysis
2025-10-29 14:01:51,661 - INFO - [SQL_REPO] 插入 5 个任务步骤
2025-10-29 14:01:51,661 - INFO - ✓ 任务 task_rainflow_analysis 导入成功
2025-10-29 14:01:51,661 - INFO - 正在导入: task_realtime_measurement.json
2025-10-29 14:01:51,666 - INFO - [SQL_REPO] 更新任务: task_realtime_measurement
2025-10-29 14:01:51,673 - INFO - [SQL_REPO] 插入 5 个任务步骤
2025-10-29 14:01:51,673 - INFO - ✓ 任务 task_realtime_measurement 导入成功
2025-10-29 14:01:51,674 - INFO - 正在导入: task_realtime_signal_processing.json
2025-10-29 14:01:51,676 - INFO - [SQL_REPO] 更新任务: task_realtime_signal_processing
2025-10-29 14:01:51,681 - INFO - [SQL_REPO] 插入 3 个任务步骤
2025-10-29 14:01:51,681 - INFO - ✓ 任务 task_realtime_signal_processing 导入成功
2025-10-29 14:01:51,681 - INFO - 正在导入: task_recorder_display.json
2025-10-29 14:01:51,683 - INFO - [SQL_REPO] 更新任务: task_recorder_display
2025-10-29 14:01:51,689 - INFO - [SQL_REPO] 插入 3 个任务步骤
2025-10-29 14:01:51,689 - INFO - ✓ 任务 task_recorder_display 导入成功
2025-10-29 14:01:51,689 - INFO - 正在导入: task_rename_measurement_parameter.json
2025-10-29 14:01:51,691 - INFO - [SQL_REPO] 更新任务: task_rename_measurement_parameter
2025-10-29 14:01:51,695 - INFO - [SQL_REPO] 插入 4 个任务步骤
2025-10-29 14:01:51,695 - INFO - ✓ 任务 task_rename_measurement_parameter 导入成功
2025-10-29 14:01:51,695 - INFO - 正在导入: task_rename_project.json
2025-10-29 14:01:51,698 - INFO - [SQL_REPO] 更新任务: task_rename_project
2025-10-29 14:01:51,704 - INFO - [SQL_REPO] 插入 2 个任务步骤
2025-10-29 14:01:51,704 - INFO - ✓ 任务 task_rename_project 导入成功
2025-10-29 14:01:51,704 - INFO - 正在导入: task_rotate_object.json
2025-10-29 14:01:51,707 - INFO - [SQL_REPO] 更新任务: task_rotate_object
2025-10-29 14:01:51,712 - INFO - [SQL_REPO] 插入 5 个任务步骤
2025-10-29 14:01:51,713 - INFO - ✓ 任务 task_rotate_object 导入成功
2025-10-29 14:01:51,713 - INFO - 正在导入: task_select_sampling_frequency.json
2025-10-29 14:01:51,714 - INFO - [SQL_REPO] 更新任务: task_select_sampling_frequency
2025-10-29 14:01:51,718 - INFO - [SQL_REPO] 插入 4 个任务步骤
2025-10-29 14:01:51,718 - INFO - ✓ 任务 task_select_sampling_frequency 导入成功
2025-10-29 14:01:51,718 - INFO - 正在导入: task_set_channel_table.json
2025-10-29 14:01:51,720 - INFO - [SQL_REPO] 更新任务: task_set_channel_table
2025-10-29 14:01:51,725 - INFO - [SQL_REPO] 插入 3 个任务步骤
2025-10-29 14:01:51,725 - INFO - ✓ 任务 task_set_channel_table 导入成功
2025-10-29 14:01:51,725 - INFO - 正在导入: task_set_measurement_channels.json
2025-10-29 14:01:51,727 - INFO - [SQL_REPO] 更新任务: task_set_measurement_channels
2025-10-29 14:01:51,734 - INFO - [SQL_REPO] 插入 3 个任务步骤
2025-10-29 14:01:51,734 - INFO - ✓ 任务 task_set_measurement_channels 导入成功
2025-10-29 14:01:51,734 - INFO - 正在导入: task_set_storage_method.json
2025-10-29 14:01:51,737 - INFO - [SQL_REPO] 更新任务: task_set_storage_rules
2025-10-29 14:01:51,743 - INFO - [SQL_REPO] 插入 3 个任务步骤
2025-10-29 14:01:51,743 - INFO - ✓ 任务 task_set_storage_rules 导入成功
2025-10-29 14:01:51,743 - INFO - 正在导入: task_set_storage_path.json
2025-10-29 14:01:51,745 - INFO - [SQL_REPO] 更新任务: task_set_storage_rules
2025-10-29 14:01:51,750 - INFO - [SQL_REPO] 插入 3 个任务步骤
2025-10-29 14:01:51,750 - INFO - ✓ 任务 task_set_storage_rules 导入成功
2025-10-29 14:01:51,751 - INFO - 正在导入: task_set_test_name.json
2025-10-29 14:01:51,752 - INFO - [SQL_REPO] 更新任务: task_set_storage_rules
2025-10-29 14:01:51,764 - INFO - [SQL_REPO] 插入 3 个任务步骤
2025-10-29 14:01:51,764 - INFO - ✓ 任务 task_set_storage_rules 导入成功
2025-10-29 14:01:51,764 - INFO - 正在导入: task_set_vehicle_ride_comfort.json
2025-10-29 14:01:51,767 - INFO - [SQL_REPO] 更新任务: task_set_vehicle_ride_comfort
2025-10-29 14:01:51,771 - INFO - [SQL_REPO] 插入 3 个任务步骤
2025-10-29 14:01:51,772 - INFO - ✓ 任务 task_set_vehicle_ride_comfort 导入成功
2025-10-29 14:01:51,772 - INFO - 正在导入: task_shape_comparison.json
2025-10-29 14:01:51,773 - INFO - [SQL_REPO] 更新任务: task_shape_comparison
2025-10-29 14:01:51,777 - INFO - [SQL_REPO] 插入 3 个任务步骤
2025-10-29 14:01:51,778 - INFO - ✓ 任务 task_shape_comparison 导入成功
2025-10-29 14:01:51,778 - INFO - 正在导入: task_signal_add_spectrum_analysis.json
2025-10-29 14:01:51,779 - INFO - [SQL_REPO] 更新任务: task_signal_add_spectrum_analysis
2025-10-29 14:01:51,786 - INFO - [SQL_REPO] 插入 4 个任务步骤
2025-10-29 14:01:51,786 - INFO - ✓ 任务 task_signal_add_spectrum_analysis 导入成功
2025-10-29 14:01:51,787 - INFO - 正在导入: task_signal_delete_spectrum_analysis.json
2025-10-29 14:01:51,790 - INFO - [SQL_REPO] 更新任务: task_signal_delete_spectrum_analysis
2025-10-29 14:01:51,795 - INFO - [SQL_REPO] 插入 5 个任务步骤
2025-10-29 14:01:51,796 - INFO - ✓ 任务 task_signal_delete_spectrum_analysis 导入成功
2025-10-29 14:01:51,796 - INFO - 正在导入: task_signal_selection.json
2025-10-29 14:01:51,798 - INFO - [SQL_REPO] 更新任务: task_signal_selection
2025-10-29 14:01:51,807 - INFO - [SQL_REPO] 插入 4 个任务步骤
2025-10-29 14:01:51,807 - INFO - ✓ 任务 task_signal_selection 导入成功
2025-10-29 14:01:51,807 - INFO - 正在导入: task_signal_set_spectrum_analysis.json
2025-10-29 14:01:51,809 - INFO - [SQL_REPO] 更新任务: task_signal_set_spectrum_analysis
2025-10-29 14:01:51,815 - INFO - [SQL_REPO] 插入 4 个任务步骤
2025-10-29 14:01:51,815 - INFO - ✓ 任务 task_signal_set_spectrum_analysis 导入成功
2025-10-29 14:01:51,815 - INFO - 正在导入: task_sound_intensity_analysis_setup.json
2025-10-29 14:01:51,819 - INFO - [SQL_REPO] 更新任务: task_sound_intensity_analysis_setup
2025-10-29 14:01:51,825 - INFO - [SQL_REPO] 插入 6 个任务步骤
2025-10-29 14:01:51,826 - INFO - ✓ 任务 task_sound_intensity_analysis_setup 导入成功
2025-10-29 14:01:51,826 - INFO - 正在导入: task_split_line.json
2025-10-29 14:01:51,828 - INFO - [SQL_REPO] 更新任务: task_split_line
2025-10-29 14:01:51,836 - INFO - [SQL_REPO] 插入 5 个任务步骤
2025-10-29 14:01:51,836 - INFO - ✓ 任务 task_split_line 导入成功
2025-10-29 14:01:51,837 - INFO - 正在导入: task_stretch_object.json
2025-10-29 14:01:51,839 - INFO - [SQL_REPO] 更新任务: task_stretch_object
2025-10-29 14:01:51,844 - INFO - [SQL_REPO] 插入 5 个任务步骤
2025-10-29 14:01:51,844 - INFO - ✓ 任务 task_stretch_object 导入成功
2025-10-29 14:01:51,845 - INFO - 正在导入: task_use_envelope_analysis.json
2025-10-29 14:01:51,847 - INFO - [SQL_REPO] 更新任务: task_use_envelope_analysis
2025-10-29 14:01:51,854 - INFO - [SQL_REPO] 插入 4 个任务步骤
2025-10-29 14:01:51,855 - INFO - ✓ 任务 task_use_envelope_analysis 导入成功
2025-10-29 14:01:51,855 - INFO - 正在导入: task_use_rotor_balancer.json
2025-10-29 14:01:51,857 - INFO - [SQL_REPO] 更新任务: task_rotor_balancer
2025-10-29 14:01:51,861 - INFO - [SQL_REPO] 插入 3 个任务步骤
2025-10-29 14:01:51,862 - INFO - ✓ 任务 task_rotor_balancer 导入成功
2025-10-29 14:01:51,862 - INFO - 正在导入: task_view_analysis_channel_info.json
2025-10-29 14:01:51,864 - INFO - [SQL_REPO] 更新任务: task_view_analysis_channel_info
2025-10-29 14:01:51,868 - INFO - [SQL_REPO] 插入 3 个任务步骤
2025-10-29 14:01:51,868 - INFO - ✓ 任务 task_view_analysis_channel_info 导入成功
2025-10-29 14:01:51,868 - INFO - 正在导入: task_view_analysis_interface.json
2025-10-29 14:01:51,870 - INFO - [SQL_REPO] 更新任务: task_view_analysis_interface
2025-10-29 14:01:51,874 - INFO - [SQL_REPO] 插入 2 个任务步骤
2025-10-29 14:01:51,874 - INFO - ✓ 任务 task_view_analysis_interface 导入成功
2025-10-29 14:01:51,874 - INFO - 正在导入: task_view_data_management_interface.json
2025-10-29 14:01:51,877 - INFO - [SQL_REPO] 更新任务: task_view_data_management_interface
2025-10-29 14:01:51,883 - INFO - [SQL_REPO] 插入 2 个任务步骤
2025-10-29 14:01:51,884 - INFO - ✓ 任务 task_view_data_management_interface 导入成功
2025-10-29 14:01:51,884 - INFO - 正在导入: task_view_events.json
2025-10-29 14:01:51,887 - INFO - [SQL_REPO] 更新任务: task_view_events
2025-10-29 14:01:51,892 - INFO - [SQL_REPO] 插入 2 个任务步骤
2025-10-29 14:01:51,892 - INFO - ✓ 任务 task_view_events 导入成功
2025-10-29 14:01:51,892 - INFO - 正在导入: task_view_event_interface.json
2025-10-29 14:01:51,894 - INFO - [SQL_REPO] 更新任务: task_view_event_interface
2025-10-29 14:01:51,899 - INFO - [SQL_REPO] 插入 2 个任务步骤
2025-10-29 14:01:51,899 - INFO - ✓ 任务 task_view_event_interface 导入成功
2025-10-29 14:01:51,899 - INFO - 正在导入: task_view_output_interface.json
2025-10-29 14:01:51,902 - INFO - [SQL_REPO] 更新任务: task_view_output_interface
2025-10-29 14:01:51,909 - INFO - [SQL_REPO] 插入 2 个任务步骤
2025-10-29 14:01:51,909 - INFO - ✓ 任务 task_view_output_interface 导入成功
2025-10-29 14:01:51,909 - INFO - 正在导入: task_view_param_settings.json
2025-10-29 14:01:51,911 - INFO - [SQL_REPO] 更新任务: task_view_param_settings
2025-10-29 14:01:51,916 - INFO - [SQL_REPO] 插入 2 个任务步骤
2025-10-29 14:01:51,916 - INFO - ✓ 任务 task_view_param_settings 导入成功
2025-10-29 14:01:51,916 - INFO - 正在导入: task_view_print_interface.json
2025-10-29 14:01:51,918 - INFO - [SQL_REPO] 更新任务: task_view_print_interface
2025-10-29 14:01:51,922 - INFO - [SQL_REPO] 插入 2 个任务步骤
2025-10-29 14:01:51,922 - INFO - ✓ 任务 task_view_print_interface 导入成功
2025-10-29 14:01:51,922 - INFO - 正在导入: task_view_signal_processing_analysis.json
2025-10-29 14:01:51,924 - INFO - [SQL_REPO] 更新任务: task_view_signal_processing_analysis
2025-10-29 14:01:51,928 - INFO - [SQL_REPO] 插入 2 个任务步骤
2025-10-29 14:01:51,928 - INFO - ✓ 任务 task_view_signal_processing_analysis 导入成功
2025-10-29 14:01:51,928 - INFO - 正在导入: task_wavelet_analysis.json
2025-10-29 14:01:51,932 - INFO - [SQL_REPO] 更新任务: task_wavelet_analysis
2025-10-29 14:01:51,941 - INFO - [SQL_REPO] 插入 4 个任务步骤
2025-10-29 14:01:51,942 - INFO - ✓ 任务 task_wavelet_analysis 导入成功
2025-10-29 14:01:51,942 - INFO - 任务数据导入完成: 101/101 成功
2025-10-29 14:01:51,943 - INFO - ============================================================
2025-10-29 14:01:51,943 - INFO - ✓ 任务数据导入完成！
2025-10-29 14:01:51,943 - INFO - ✓ 您的 AI 助手现在可以提供任务引导服务
2025-10-29 14:01:51,943 - INFO - 
关键任务已导入:
2025-10-29 14:01:51,943 - INFO - - task_signal_add_spectrum_analysis: 添加分析方法进行信号处理
2025-10-29 14:01:51,943 - INFO - - task_realtime_signal_processing: 实时信号处理
2025-10-29 14:01:51,943 - INFO - - task_full_fft_analysis: FFT分析任务
2025-10-29 14:01:51,943 - INFO - ============================================================
