2025-10-25 20:09:33,825 - INFO - [SIMPLE_INGESTER] 初始化完成
2025-10-25 20:09:33,825 - INFO - [SIMPLE_INGESTER] 数据目录: C:\Donghua\ai_assistant_tool\backend\data
2025-10-25 20:09:33,825 - INFO - ============================================================
2025-10-25 20:09:33,825 - INFO - AI 助手简化数据导入工具
2025-10-25 20:09:33,825 - INFO - 注意: 此版本跳过 Weaviate 向量数据库导入
2025-10-25 20:09:33,826 - INFO - ============================================================
2025-10-25 20:09:33,826 - INFO - 检查服务状态...
2025-10-25 20:09:33,826 - INFO - ✓ 数据目录检查通过
2025-10-25 20:09:33,826 - INFO - 初始化 PostgreSQL 数据库...
2025-10-25 20:09:33,826 - INFO - [SQL_REPO] 正在初始化数据库: postgresql://assistant_user:strong_password@db:5432/assistant_db
2025-10-25 20:09:33,860 - ERROR - [SQL_REPO] ✗ 数据库初始化失败: No module named 'psycopg2'
2025-10-25 20:09:33,860 - ERROR - PostgreSQL 数据库初始化失败
2025-10-25 20:10:19,808 - INFO - [SIMPLE_INGESTER] 初始化完成
2025-10-25 20:10:19,808 - INFO - [SIMPLE_INGESTER] 数据目录: C:\Donghua\ai_assistant_tool\backend\data
2025-10-25 20:10:19,809 - INFO - ============================================================
2025-10-25 20:10:19,809 - INFO - AI 助手简化数据导入工具
2025-10-25 20:10:19,809 - INFO - 注意: 此版本跳过 Weaviate 向量数据库导入
2025-10-25 20:10:19,809 - INFO - ============================================================
2025-10-25 20:10:19,809 - INFO - 检查服务状态...
2025-10-25 20:10:19,809 - INFO - ✓ 数据目录检查通过
2025-10-25 20:10:19,809 - INFO - 初始化 PostgreSQL 数据库...
2025-10-25 20:10:19,809 - INFO - [SQL_REPO] 正在初始化数据库: postgresql://assistant_user:strong_password@db:5432/assistant_db
2025-10-25 20:10:19,854 - ERROR - [SQL_REPO] ✗ 数据库初始化失败: No module named 'psycopg2'
2025-10-25 20:10:19,854 - ERROR - PostgreSQL 数据库初始化失败
2025-10-25 20:11:36,712 - INFO - [SIMPLE_INGESTER] 初始化完成
2025-10-25 20:11:36,712 - INFO - [SIMPLE_INGESTER] 数据目录: C:\Donghua\ai_assistant_tool\backend\data
2025-10-25 20:11:36,712 - INFO - ============================================================
2025-10-25 20:11:36,712 - INFO - AI 助手简化数据导入工具
2025-10-25 20:11:36,712 - INFO - 注意: 此版本跳过 Weaviate 向量数据库导入
2025-10-25 20:11:36,712 - INFO - ============================================================
2025-10-25 20:11:36,712 - INFO - 检查服务状态...
2025-10-25 20:11:36,712 - INFO - ✓ 数据目录检查通过
2025-10-25 20:11:36,713 - INFO - 初始化 PostgreSQL 数据库...
2025-10-25 20:11:36,713 - INFO - [SQL_REPO] 正在初始化数据库: postgresql://assistant_user:strong_password@db:5432/assistant_db
2025-10-25 20:11:36,737 - ERROR - [SQL_REPO] ✗ 数据库初始化失败: No module named 'psycopg2'
2025-10-25 20:11:36,738 - ERROR - PostgreSQL 数据库初始化失败
2025-10-25 20:12:16,890 - INFO - [SIMPLE_INGESTER] 初始化完成
2025-10-25 20:12:16,890 - INFO - [SIMPLE_INGESTER] 数据目录: C:\Donghua\ai_assistant_tool\backend\data
2025-10-25 20:12:16,890 - INFO - ============================================================
2025-10-25 20:12:16,890 - INFO - AI 助手简化数据导入工具
2025-10-25 20:12:16,890 - INFO - 注意: 此版本跳过 Weaviate 向量数据库导入
2025-10-25 20:12:16,890 - INFO - ============================================================
2025-10-25 20:12:16,890 - INFO - 检查服务状态...
2025-10-25 20:12:16,891 - INFO - ✓ 数据目录检查通过
2025-10-25 20:12:16,891 - INFO - 初始化 PostgreSQL 数据库...
2025-10-25 20:12:16,891 - INFO - [SQL_REPO] 正在初始化数据库: postgresql://assistant_user:strong_password@db:5432/assistant_db
2025-10-25 20:12:16,916 - ERROR - [SQL_REPO] ✗ 数据库初始化失败: No module named 'psycopg2'
2025-10-25 20:12:16,916 - ERROR - PostgreSQL 数据库初始化失败
2025-10-25 20:13:17,932 - INFO - [SIMPLE_INGESTER] 初始化完成
2025-10-25 20:13:17,932 - INFO - [SIMPLE_INGESTER] 数据目录: C:\Donghua\ai_assistant_tool\backend\data
2025-10-25 20:13:17,932 - INFO - ============================================================
2025-10-25 20:13:17,932 - INFO - AI 助手简化数据导入工具
2025-10-25 20:13:17,932 - INFO - 注意: 此版本跳过 Weaviate 向量数据库导入
2025-10-25 20:13:17,932 - INFO - ============================================================
2025-10-25 20:13:17,933 - INFO - 检查服务状态...
2025-10-25 20:13:17,933 - INFO - ✓ 数据目录检查通过
2025-10-25 20:13:17,933 - INFO - 初始化 PostgreSQL 数据库...
2025-10-25 20:13:17,933 - INFO - [SQL_REPO] 正在初始化数据库: postgresql://assistant_user:strong_password@db:5432/assistant_db
2025-10-25 20:13:17,959 - ERROR - [SQL_REPO] ✗ 数据库初始化失败: No module named 'psycopg2'
2025-10-25 20:13:17,960 - ERROR - PostgreSQL 数据库初始化失败
2025-10-25 20:14:51,811 - INFO - [SIMPLE_INGESTER] 初始化完成
2025-10-25 20:14:51,811 - INFO - [SIMPLE_INGESTER] 数据目录: C:\Donghua\ai_assistant_tool\backend\data
2025-10-25 20:14:51,811 - INFO - ============================================================
2025-10-25 20:14:51,811 - INFO - AI 助手简化数据导入工具
2025-10-25 20:14:51,811 - INFO - 注意: 此版本跳过 Weaviate 向量数据库导入
2025-10-25 20:14:51,811 - INFO - ============================================================
2025-10-25 20:14:51,812 - INFO - 检查服务状态...
2025-10-25 20:14:51,812 - INFO - ✓ 数据目录检查通过
2025-10-25 20:14:51,812 - INFO - 初始化 PostgreSQL 数据库...
2025-10-25 20:14:51,812 - INFO - [SQL_REPO] 正在初始化数据库: postgresql://assistant_user:strong_password@db:5432/assistant_db
2025-10-25 20:14:51,837 - ERROR - [SQL_REPO] ✗ 数据库初始化失败: No module named 'psycopg2'
2025-10-25 20:14:51,837 - ERROR - PostgreSQL 数据库初始化失败
2025-10-25 20:17:16,505 - INFO - [SIMPLE_INGESTER] 初始化完成
2025-10-25 20:17:16,506 - INFO - [SIMPLE_INGESTER] 数据目录: C:\Donghua\ai_assistant_tool\backend\data
2025-10-25 20:17:16,506 - INFO - ============================================================
2025-10-25 20:17:16,506 - INFO - AI 助手简化数据导入工具
2025-10-25 20:17:16,506 - INFO - 注意: 此版本跳过 Weaviate 向量数据库导入
2025-10-25 20:17:16,506 - INFO - ============================================================
2025-10-25 20:17:16,506 - INFO - 检查服务状态...
2025-10-25 20:17:16,506 - INFO - ✓ 数据目录检查通过
2025-10-25 20:17:16,506 - INFO - 初始化 PostgreSQL 数据库...
2025-10-25 20:17:16,506 - INFO - [SQL_REPO] 正在初始化数据库: postgresql://assistant_user:strong_password@localhost:5432/assistant_db
2025-10-25 20:17:16,715 - INFO - [SQL_REPO] ✓ 数据库初始化成功
2025-10-25 20:17:16,715 - INFO - 开始数据导入...
2025-10-25 20:17:16,715 - INFO - 开始导入任务数据...
2025-10-25 20:17:16,723 - INFO - [SQL_REPO] 创建新任务: task_full_fft_analysis
2025-10-25 20:17:16,740 - INFO - [SQL_REPO] 插入 6 个任务步骤
2025-10-25 20:17:16,740 - INFO - ✓ 任务数据导入成功
2025-10-25 20:17:16,740 - INFO - 开始导入 UI 元素数据...
2025-10-25 20:17:16,766 - INFO - ✓ UI 元素数据导入完成: 6/6 成功
2025-10-25 20:17:16,767 - INFO - ============================================================
2025-10-25 20:17:16,767 - INFO - ✓ 简化数据导入完成！任务和UI数据已成功导入
2025-10-25 20:17:16,767 - INFO - ✓ 您的 AI 助手现在可以提供任务引导服务
2025-10-25 20:17:16,767 - INFO - ⚠ 注意: RAG 知识问答功能需要修复 Weaviate 后重新导入
2025-10-25 20:17:16,767 - INFO - ============================================================
